s89\sm7295500.flv,1
s89\sm7282450.flv,1
s89\sm7285223.mp4,1
s89\sm7291979.flv,1
s89\sm7326739.mp4,1
s89\sm7308348.flv,1
s89\sm7313397.mp4,1
s89\sm7334228.mp4,1
s89\sm7318549.mp4,1
s89\sm7327520.mp4,1
s89\sm7268716.flv,1
s89\sm7269664.flv,1
s89\sm7305936.flv,1
s89\sm7293158.flv,1
s89\sm5508956.flv,1
s89\sm7279358.mp4,1
s89\sm6487718.flv,1
s89\sm7304938.mp4,1
s90\sm7361534.mp4,1
s90\sm7357463.flv,1
s90\sm7365406.mp4,1
s90\sm7307575.mp4,1
s90\sm7349783.mp4,1
s90\sm7374006.mp4,1
s90\sm7349822.flv,1
s90\sm7356773.mp4,1
s90\sm7375270.mp4,1
s90\sm7371322.flv,1
s90\sm7366189.mp4,1
s91\sm7414953.mp4,1
s91\sm7414563.flv,1
s91\sm7415020.mp4,1
s91\sm7452616.flv,1
s91\sm7419720.mp4,1
s91\sm7454296.mp4,1
s91\sm7443693.mp4,1
s91\sm7450810.mp4,1
s91\sm7423081.mp4,1
s91\sm7441402.mp4,1
s91\sm7470254.mp4,1
s91\sm7456991.flv,1
s91\sm7415019.flv,1
s91\sm7448499.flv,1
s91\sm7454355.mp4,1
s91\sm7432609.mp4,1
s91\sm7443613.flv,1
s91\sm4844682.flv,1
s92\sm7528841.mp4,1
s92\sm7526154.flv,1
s92\sm7491054.flv,1
s92\sm7482275.flv,1
s92\sm7494963.flv,1
s92\sm7509974.mp4,1
s92\sm7507842.flv,1
s92\sm7500878.flv,1
s92\sm7526338.mp4,1
s92\sm7513121.flv,1
s92\sm7469853.mp4,1
s92\sm7518470.mp4,1
s92\sm7414600.mp4,1
s92\sm7498574.mp4,1
s2009_01\sm6437451.flv,1
s2009_01\sm6362317.flv,1
s2009_01\sm6357091.flv,1
s2009_01\sm6328922.mp4,1
s2009_01\sm6298794.mp4,1
s2009_01\sm6256856.mp4,1
s2009_01\sm6206647.mp4,1
s2009_01\sm6203854.flv,1
s2009_01\sm6183148.flv,1
s2009_01\sm6166936.flv,1
s2009_01\sm6119955.flv,1
s2009_01\sm6115924.mp4,1
s2009_01\sm6100649.flv,1
s2009_01\sm6085510.flv,1
s2009_01\sm6061713.flv,1
s2009_01\sm6029342.mp4,1
s2009_01\sm6028189.mp4,1
s2009_01\sm6026956.flv,1
s93\sm7550182.mp4,1
s93\sm7559438.flv,1
s93\sm7546989.mp4,1
s93\sm7593541.flv,1
s93\sm7559003.mp4,1
s93\sm7554964.flv,1
s93\sm4408384.mp4,1
s93\sm5865063.flv,1
s93\sm7610111.flv,1
s93\sm7545735.mp4,1
s93\sm7597329.mp4,1
s93\sm7582500.mp4,1
s93\sm7564155.flv,1
s93\sm7549474.flv,1
s93\sm7548655.mp4,1
s93\sm6533302.mp4,1
s93\sm7534141.mp4,1
s93\sm5599584.flv,1
s93\sm7552783.mp4,1
s93\sm7550182.mp4,1
s93\sm7559438.flv,1
s93\sm7546989.mp4,1
s93\sm7593541.flv,1
s93\sm7559003.mp4,1
s93\sm7554964.flv,1
s93\sm4408384.mp4,1
s93\sm5865063.flv,1
s93\sm7610111.flv,1
s93\sm7545735.mp4,1
s93\sm7597329.mp4,1
s93\sm7582500.mp4,1
s93\sm7564155.flv,1
s93\sm7549474.flv,1
s93\sm7548655.mp4,1
s93\sm6533302.mp4,1
s93\sm7534141.mp4,1
s93\sm5599584.flv,1
s93\sm7552783.mp4,1
s94\sm7612136.flv,1
s94\sm7619967.mp4,1
s94\sm7655922.mp4,1
s94\sm7605761.mp4,1
s94\sm7655777.flv,1
s94\sm7655998.mp4,1
s94\sm7624034.flv,1
s94\sm7620150.flv,1
s94\sm7660118.mp4,1
s94\sm7638365.flv,1
s94\sm7658882.mp4,1
s94\sm7610187.flv,1
s94\sm7621212.mp4,1
s94\sm7656026.mp4,1
s94\sm3645817.mp4,1
s94\sm7568432.flv,1
s94\nm7616040.mp4,1
s95\sm7681014.mp4,1
s95\sm7706816.mp4,1
s95\sm7696158.mp4,1
s95\sm7704306.mp4,1
s95\sm7691987.flv,1
s95\sm7716044.flv,1
s95\sm7678870.mp4,1
s95\sm7710213.flv,1
s95\sm7729957.mp4,1
s95\sm7678769.mp4,1
s95\sm5958447.mp4,1
s96\sm7780897.flv,1
s96\sm7756597.mp4,1
s96\sm7781905.flv,1
s96\sm7767386.mp4,1
s96\sm7755997.mp4,1
s96\sm7795829.flv,1
s96\sm7766289.mp4,1
s96\sm7780990.mp4,1
s96\sm7791386.mp4,1
s96\sm7764192.mp4,1
s96\sm7784029.mp4,1
s96\sm7805251.mp4,1
s96\sm7792086.flv,1
s96\sm7092880.flv,1
s96\sm7755949.mp4,1
s97\sm7819240.mp4,1
s97\sm7839756.mp4,1
s97\sm7814947.flv,1
s97\sm7862914.mp4,1
s97\sm7880534.mp4,1
s97\sm7817482.flv,1
s97\sm7863371.mp4,1
s97\sm7822559.flv,1
s97\sm7832792.flv,1
s97\sm7882150.mp4,1
s97\sm7792239.mp4,1
s97\sm7859015.mp4,1
s97\sm7875350.flv,1
s97\sm6111030.mp4,1
s97\sm7831230.mp4,1
s97\nm7869327.swf,1
s97\nm7832283.swf,1
s97\nm7861665.swf,1
s95\nm7694858.swf,1
s95\nm7697737.swf,1
s95\nm7683119.swf,1
s95\nm7711520.swf,1
s93\sm7596565.mp4,1
s93\nm7539204.swf,1
s98\sm7904669.mp4,1
s98\sm7918983.mp4,1
s98\sm7879207.mp4,1
s98\sm7911934.mp4,1
s98\sm7896909.mp4,1
s98\sm7878515.mp4,1
s98\sm7919275.flv,1
s98\sm3472911.flv,1
s98\sm7949338.mp4,1
s98\sm7911747.mp4,1
s98\sm7906128.flv,1
s98\sm7935684.flv,1
s98\sm7891125.mp4,1
s98\nm7927775.swf,1
s98\sm7894691.flv,1
s98\sm7945490.mp4,1
s98\sm7674618.mp4,1
s98\sm7940370.flv,1
s99\sm7962486.mp4,1
s99\sm7960016.flv,1
s99\nm7972553.swf,1
s99\sm7958770.flv,1
s99\sm7958552.mp4,1
s99\sm7990358.mp4,1
s99\sm7996019.mp4,1
s99\sm7965825.flv,1
s99\sm8002597.mp4,1
s99\sm7963508.mp4,1
s99\sm8008750.flv,1
s99\sm6831561.flv,1
s99\sm7987277.flv,1
s100\sm8033594.mp4,1
s100\sm8061508.mp4,1
s100\sm7992704.mp4,1
s100\sm8033644.mp4,1
s100\sm8061149.flv,1
s100\sm8032825.mp4,1
s100\sm8004898.mp4,1
s100\sm8024616.flv,1
s100\sm8024556.mp4,1
s100\sm8082467.flv,1
s100\sm8062530.mp4,1
s100\sm8053820.mp4,1
s100\sm8053253.mp4,1
s100\sm8024943.flv,1
s100\sm8072528.mp4,1
s100\sm8053950.mp4,1
s100\sm2085047.flv,1
s100\nm4169019.swf,1
s100\sm8082389.mp4,1
s101\sm8100847.mp4,1
s101\sm8132511.mp4,1
s101\sm8139134.mp4,1
s101\sm8110474.flv,1
s101\sm8097121.mp4,1
s101\sm8110724.flv,1
s101\sm8092950.mp4,1
s101\sm8117266.mp4,1
s101\sm8128297.flv,1
s101\sm8098201.flv,1
s101\sm8090624.mp4,1
s101\sm8124876.mp4,1
s101\sm8100793.mp4,1
s101\sm8100737.mp4,1
s101\sm8127855.flv,1
s101\sm8119054.mp4,1
s101\nm4235013.swf,1
s101\sm8133348.mp4,1
s102\sm8166339.mp4,1
s102\sm8199444.mp4,1
s102\sm8176798.mp4,1
s102\sm8153259.mp4,1
s102\sm8167029.mp4,1
s102\nm8182962.swf,1
s102\sm8166229.flv,1
s102\nm8183141.swf,1
s102\sm8203751.mp4,1
s102\sm8157966.mp4,1
s102\sm8172060.flv,1
s102\sm6419009.mp4,1
s102\sm8202997.mp4,1
s103\sm8228650.flv,1
s103\sm8233245.mp4,1
s103\sm8230122.mp4,1
s103\sm8217767.mp4,1
s103\sm8269164.mp4,1
s103\sm8233533.mp4,1
s103\sm8268440.mp4,1
s103\sm8255843.mp4,1
s103\sm8229825.mp4,1
s103\sm8269133.mp4,1
s103\sm8240591.mp4,1
s103\sm8241866.mp4,1
s103\sm8242011.mp4,1
s103\sm6171458.flv,1
s103\sm8244793.mp4,1
s104\sm8321015.flv,1
s104\sm8298201.mp4,1
s104\sm8292936.mp4,1
s104\sm8321622.mp4,1
s104\sm8320770.flv,1
s104\sm8284509.mp4,1
s104\nm8292583.swf,1
s104\sm8326494.mp4,1
s104\sm5525531.flv,1
s104\sm8339640.mp4,1
s104\nm8327042.swf,1
s104\sm5187481.flv,1
s104\nm8298067.swf,1
s104\nm7310700.swf,1
s104\sm8300589.mp4,1
s105\sm8375897.flv,1
s105\sm8403173.mp4,1
s105\sm8359269.flv,1
s105\sm8384884.mp4,1
s105\sm8387541.mp4,1
s105\sm8359346.mp4,1
s105\nm7134589.swf,1
s105\sm8382864.mp4,1
s105\sm8395145.mp4,1
s105\sm8365796.mp4,1
s105\sm8396261.flv,1
s105\sm4251638.flv,1
s105\nm8378431.swf,1
s106\sm8430328.mp4,1
s106\sm8421829.mp4,1
s106\sm8423936.mp4,1
s106\sm8425509.flv,1
s106\nm8440582.swf,1
s106\sm8421503.flv,1
s106\sm8468722.flv,1
s106\sm8430927.flv,1
s106\sm8460426.mp4,1
s106\sm8425704.mp4,1
s106\sm6875060.flv,1
s106\sm8455846.flv,1
s106\sm8433418.mp4,1
s106\sm8423183.mp4,1
s106\sm8468717.mp4,1
s106\sm3122624.flv,1
s106\sm8468603.mp4,1
s106\sm6309541.mp4,1
s106\sm8413746.mp4,1
s107\sm8489562.mp4,1
s107\sm8532252.flv,1
s107\sm8541371.flv,1
s107\sm8516531.mp4,1
s107\sm8489764.flv,1
s107\sm8489567.mp4,1
s107\sm8523409.mp4,1
s107\nm8467847.swf,1
s107\sm8500126.mp4,1
s107\sm8522045.mp4,1
s107\sm8476421.mp4,1
s107\nm8466590.swf,1
s107\sm4078495.flv,1
s107\sm8333344.flv,1
s107\sm8521776.mp4,1
s108\sm8590504.flv,1
s108\sm8553480.mp4,1
s108\sm8568000.mp4,1
s108\sm8570603.flv,1
s108\sm1831629.flv,1
s108\sm8555358.flv,1
s108\sm8568063.mp4,1
s108\sm8587292.mp4,1
s108\sm8573139.flv,1
s108\sm8590244.mp4,1
s108\sm8598971.mp4,1
s108\sm8607021.flv,1
s108\nm8561077.swf,1
s108\sm8579246.mp4,1
s108\sm7254780.mp4,1
s108\sm8554231.mp4,1
s10\sm8619805.mp4,1
s10\sm8613443.mp4,1
s10\sm8641965.mp4,1
s10\sm8637248.mp4,1
s10\sm8619582.mp4,1
s10\sm8298928.mp4,1
s10\sm8597732.flv,1
s10\sm8648347.mp4,1
s10\sm1639267.flv,1
s10\sm8628891.mp4,1
s10\sm8628223.mp4,1
s10\sm8642328.mp4,1
s10\sm8661786.mp4,1
s10\sm8634765.mp4,1
s10\sm8619717.flv,1
s10\sm8667565.flv,1
s10\sm5370353.flv,1
s110\sm8685012.mp4,1
s110\sm8712009.mp4,1
s110\sm8706822.flv,1
s110\sm8639738.flv,1
s110\sm8738145.mp4,1
s110\sm8722351.flv,1
s110\sm8712532.flv,1
s110\nm8681869.swf,1
s110\sm6057012.flv,1
s110\sm8741519.mp4,1
s111\sm8755251.flv,1
s111\sm8783688.flv,1
s111\sm8755207.mp4,1
s111\sm8767045.mp4,1
s111\sm8782998.flv,1
s111\sm8796815.mp4,1
s111\nm8770750.swf,1
s111\sm8754399.flv,1
s111\sm8753752.flv,1
s111\nm6971638.swf,1
s111\sm8796761.mp4,1
s111\sm8749290.mp4,1
s111\nm8645160.swf,1
s111\nm5145778.swf,1
s111\sm8793313.mp4,1
s112\sm8822490.mp4,1
s112\sm8824425.flv,1
s112\sm8823002.flv,1
s112\sm8841091.mp4,1
s112\sm8855325.mp4,1
s112\sm8830999.mp4,1
s112\sm8846875.mp4,1
s112\sm8824375.flv,1
s112\sm8824405.flv,1
s112\nm8875235.swf,1
s112\sm8856208.mp4,1
s112\sm8837393.mp4,1
s112\sm8494849.flv,1
s112\sm8835715.mp4,1
s113\sm8933166.flv,1
s113\sm8899411.mp4,1
s113\sm8923574.mp4,1
s113\sm8878701.mp4,1
s113\sm8901412.mp4,1
s113\sm8910415.mp4,1
s113\sm8886074.mp4,1
s113\sm8922420.mp4,1
s113\nm8848650.swf,1
s113\sm8897316.flv,1
s113\sm8905937.flv,1
s113\sm8933048.mp4,1
s113\sm5630948.mp4,1
s113\sm8947460.mp4,1
s113\sm8919022.mp4,1
s113\sm6214281.mp4,1
s113\sm8899982.mp4,1
s114\sm8966268.mp4,1
s114\sm8995619.flv,1
s114\sm8981824.flv,1
s114\sm8988471.flv,1
s114\sm8961670.flv,1
s114\sm8956763.mp4,1
s114\sm8974129.mp4,1
s114\sm8991736.mp4,1
s114\sm8991557.mp4,1
s114\sm8991313.flv,1
s114\sm9007570.flv,1
s114\sm8971372.mp4,1
s114\nm8992234.swf,1
s114\sm8996269.mp4,1
s114\sm4465955.flv,1
s114\nm8966495.swf,1
s115\sm9047804.mp4,1
s115\sm9032932.mp4,1
s115\sm9047689.mp4,1
s115\sm9024225.flv,1
s115\sm9053031.mp4,1
s115\sm9023839.flv,1
s115\sm9078129.mp4,1
s115\sm9024294.flv,1
s115\sm9004249.mp4,1
s115\nm9058782.swf,1
s115\nm9024447.swf,1
s115\sm9023529.flv,1
s115\sm9035820.flv,1
s115\sm9028013.mp4,1
s115\sm4173644.flv,1
s115\sm9024174.mp4,1
s116\sm9097377.flv,1
s116\sm9092949.mp4,1
s116\sm9088704.mp4,1
s116\sm9129998.mp4,1
s116\sm9085048.mp4,1
s116\sm9105813.mp4,1
s116\sm9085950.mp4,1
s116\sm9094966.mp4,1
s116\sm7782619.mp4,1
s116\sm9100256.mp4,1
s116\sm9127640.flv,1
s116\sm9114745.flv,1
s116\sm9127445.mp4,1
s116\sm9076096.mp4,1
s116\sm4144990.mp4,1
s116\sm9084681.flv,1
s116\sm5642660.flv,1
s116\sm9093103.mp4,1
s117\sm9151459.mp4,1
s117\sm9189786.mp4,1
s117\sm9205429.mp4,1
s117\sm9137241.mp4,1
s117\sm9175644.mp4,1
s117\sm9176824.flv,1
s117\sm9158360.mp4,1
s117\sm1728613.flv,1
s117\sm9176017.flv,1
s117\sm8533803.mp4,1
s117\nm9195773.swf,1
s118\sm9241207.mp4,1
s118\sm9206487.mp4,1
s118\sm9261573.flv,1
s118\sm9218213.mp4,1
s118\sm9201103.flv,1
s118\sm9212993.mp4,1
s118\sm9266888.mp4,1
s118\sm9249014.mp4,1
s118\sm9251026.mp4,1
s118\sm9217188.mp4,1
s118\sm9259664.mp4,1
s118\sm9212780.mp4,1
s118\sm9196455.flv,1
s118\sm9220479.mp4,1
s119\sm9305683.mp4,1
s119\sm9301676.flv,1
s119\sm9293649.mp4,1
s119\sm9294724.mp4,1
s119\sm9340347.mp4,1
s119\sm9287022.mp4,1
s119\sm9293267.flv,1
s119\sm9311082.flv,1
s119\sm9311730.mp4,1
s119\sm9225689.mp4,1
s119\sm9322316.mp4,1
s119\sm9305147.flv,1
s119\sm3381632.flv,1
s120\sm9338088.flv,1
s120\sm9382083.flv,1
s120\sm9354208.mp4,1
s120\sm9375472.flv,1
s120\sm9405740.mp4,1
s120\sm9410950.mp4,1
s120\sm9363366.mp4,1
s120\sm9382151.mp4,1
s120\sm9346766.mp4,1
s120\nm9374434.swf,1
s120\nm9325841.mp4,1
s120\sm9362240.mp4,1
s120\sm9365669.mp4,1
s120\sm9380997.mp4,1
s120\sm4622936.mp4,1
s120\sm9401984.mp4,1
s121\nm9437578.swf,1
s121\sm9422444.mp4,1
s121\sm9453088.mp4,1
s121\sm9467875.mp4,1
s121\nm9459576.swf,1
s121\sm9445273.mp4,1
s121\nm9440139.swf,1
s121\sm9463543.mp4,1
s121\sm9432861.flv,1
s121\sm9421914.mp4,1
s121\nm9425278.swf,1
s121\sm9450347.flv,1
s121\nm9420602.swf,1
s121\sm9485673.mp4,1
s121\sm6893716.flv,1
s121\sm9437286.mp4,1
s122\sm9494968.mp4,1
s122\sm9491671.flv,1
s122\sm9528536.flv,1
s122\nm9536987.swf,1
s122\sm9540128.mp4,1
s122\sm9501555.mp4,1
s122\sm9558887.mp4,1
s122\sm9490064.mp4,1
s122\sm9536373.mp4,1
s122\sm9495442.mp4,1
s122\sm9522497.mp4,1
s122\sm9495834.flv,1
s122\sm9534743.flv,1
s122\nm9304917.swf,1
s122\sm9517696.mp4,1
s123\nm9571705.swf,1
s123\sm9621047.flv,1
s123\sm9559419.flv,1
s123\sm9611371.mp4,1
s123\sm9582790.mp4,1
s123\sm9604972.flv,1
s123\sm9530528.flv,1
s123\sm9556760.mp4,1
s123\sm9569325.mp4,1
s123\sm9549835.flv,1
s123\sm9569574.mp4,1
s123\sm9221007.mp4,1
s123\sm9600523.mp4,1
s123\nm9571705.swf,1
s123\sm9621047.flv,1
s123\sm9559419.flv,1
s123\sm9611371.mp4,1
s123\sm9582790.mp4,1
s123\sm9604972.flv,1
s123\sm9530528.flv,1
s123\sm9556760.mp4,1
s123\sm9569325.mp4,1
s123\sm9549835.flv,1
s123\sm9569574.mp4,1
s123\sm9221007.mp4,1
s123\sm9600523.mp4,1
s124\sm9639869.mp4,1
s124\sm9632221.mp4,1
s124\sm9659561.flv,1
s124\sm9691023.flv,1
s124\sm9671119.mp4,1
s124\sm9714351.flv,1
s124\sm9689174.mp4,1
s124\sm9707593.flv,1
s124\sm9617758.flv,1
s124\sm9676974.mp4,1
s124\sm9680691.mp4,1
s124\sm9650883.mp4,1
s124\sm9679191.flv,1
s124\sm9701912.flv,1
s124\sm9668357.mp4,1
s124\sm9670482.mp4,1
s124\sm9663159.flv,1
s124\sm8171733.mp4,1
s125\sm8223187.mp4,1
s125\sm9737101.mp4,1
s125\sm9752860.flv,1
s125\sm9759869.flv,1
s125\sm9731460.mp4,1
s125\sm9705925.flv,1
s125\sm9734036.flv,1
s125\sm9720173.mp4,1
s125\sm9711503.flv,1
s125\nm9725280.swf,1
s125\sm9725029.flv,1
s125\sm9714143.mp4,1
s126\sm9797269.mp4,1
s126\sm9809880.flv,1
s126\sm9793103.mp4,1
s126\sm9829617.mp4,1
s126\sm9792113.mp4,1
s126\nm9777334.mp4,1
s126\sm9801810.mp4,1
s126\sm9835033.mp4,1
s126\sm9797544.mp4,1
s126\sm9830682.mp4,1
s126\sm9829636.mp4,1
s126\sm9845247.mp4,1
s126\sm8822474.mp4,1
s126\sm9838235.mp4,1
s127\sm9905163.flv,1
s127\sm9900322.mp4,1
s127\sm9880874.mp4,1
s127\nm9911470.swf,1
s127\sm9895531.mp4,1
s127\sm9901754.mp4,1
s127\sm9906362.mp4,1
s127\sm9880148.mp4,1
s127\sm9893923.mp4,1
s127\sm9916643.flv,1
s127\nm9909720.swf,1
s127\sm9874544.mp4,1
s127\nm8690253.swf,1
s128\sm9960375.mp4,1
s128\sm9979305.mp4,1
s128\sm10004192.mp4,1
s128\sm9958490.mp4,1
s128\sm10008041.mp4,1
s128\sm9970229.mp4,1
s128\sm9945301.mp4,1
s128\sm9977631.mp4,1
s128\sm9956975.mp4,1
s128\sm9951713.mp4,1
s128\sm8222588.flv,1
s128\sm9956819.flv,1
s128\sm9952079.mp4,1
s131\sm10200907.mp4,1
s131\sm10150980.mp4,1
s131\sm10200409.mp4,1
s131\sm10242501.mp4,1
s131\sm10243594.mp4,1
s131\sm10187442.mp4,1
s131\sm10194868.mp4,1
s131\nm10268624.swf,1
s131\nm10188840.swf,1
s131\sm10234127.mp4,1
s131\sm10180074.flv,1
s131\sm10265526.mp4,1
s131\sm10212466.mp4,1
s131\sm10122021.mp4,1
s131\sm10267978.mp4,1
s131\sm10192816.flv,1
s131\sm10114747.mp4,1
s131\sm10223689.mp4,1
s131\sm6558184.mp4,1
s131\sm10233916.mp4,1
s131\nm10206732.swf,1
s131\sm10009443.flv,1
s131\sm10114759.flv,1
s131\sm10219141.flv,1
s131\sm6281743.mp4,1
s132\sm10282629.mp4,1
s132\sm10289400.mp4,1
s132\sm10317199.flv,1
s132\sm10325060.mp4,1
s132\sm10302536.mp4,1
s132\sm9122764.mp4,1
s132\sm10254852.flv,1
s132\nm10270625.swf,1
s132\sm10308137.flv,1
s132\sm10304070.mp4,1
s132\sm10282451.mp4,1
s132\nm10284326.swf,1
s132\sm10280950.flv,1
s132\nm10336796.swf,1
s132\sm10349301.mp4,1
s132\sm7808771.mp4,1
s132\sm10296809.mp4,1
s132\sm10324027.mp4,1
s132\sm10033556.mp4,1
s133\sm10385613.flv,1
s133\sm10393864.mp4,1
s133\sm10411033.mp4,1
s133\sm10366075.mp4,1
s133\sm10359628.mp4,1
s133\sm10375393.mp4,1
s133\sm10385393.mp4,1
s133\sm10404269.mp4,1
s133\nm10370343.swf,1
s133\sm10410821.mp4,1
s133\sm10370624.mp4,1
s133\sm10370088.mp4,1
s133\sm10359559.mp4,1
s133\sm10368609.flv,1
s133\sm6604501.mp4,1
s134\sm10444862.mp4,1
s134\sm10443906.mp4,1
s134\nm10476697.swf,1
s134\sm10442542.flv,1
s134\sm10438239.mp4,1
s134\sm10438301.mp4,1
s134\sm10481957.mp4,1
s134\sm10471387.mp4,1
s134\sm10482108.flv,1
s134\sm10462222.mp4,1
s134\sm10441385.mp4,1
s134\sm10438617.mp4,1
s134\sm10467136.mp4,1
s134\sm10443985.mp4,1
s134\sm10446708.mp4,1
s134\sm10446457.mp4,1
s134\sm10452677.mp4,1
s134\sm10433919.mp4,1
s134\sm10460834.mp4,1
s134\sm10459069.flv,1
s134\sm10438750.mp4,1
s134\sm10447978.mp4,1
s134\sm10435467.mp4,1
s134\sm10438990.mp4,1
s134\nm8804896.swf,1
s135\sm10544006.mp4,1
s135\sm10533832.mp4,1
s135\sm10543519.mp4,1
s135\sm10526601.mp4,1
s135\sm10524385.mp4,1
s135\sm10512919.mp4,1
s135\sm9539049.flv,1
s135\sm10527978.mp4,1
s135\sm10512599.mp4,1
s135\sm10557381.mp4,1
s135\sm10563001.mp4,1
s135\sm10557556.flv,1
s135\sm10534531.flv,1
s135\nm10529922.swf,1
s135\sm10526800.mp4,1
s135\sm10574876.mp4,1
s135\sm10516926.mp4,1
s135\sm10574285.mp4,1
s135\sm7052742.mp4,1
s136\sm10637389.flv,1
s136\sm10598020.mp4,1
s136\sm10580774.mp4,1
s136\sm10613271.mp4,1
s136\sm10613090.mp4,1
s136\sm10595297.flv,1
s136\sm10644005.mp4,1
s136\sm10582614.mp4,1
s136\sm10583387.mp4,1
s136\nm10617945.swf,1
s136\sm10500112.mp4,1
s136\sm10588918.mp4,1
s136\sm10656432.mp4,1
s136\sm10586124.mp4,1
s136\sm10005591.mp4,1
s136\sm10653880.flv,1
s136\sm10589810.mp4,1
s136\sm2304082.flv,1
s137\sm10700738.flv,1
s137\sm10713103.mp4,1
s137\nm10674682.mp4,1
s137\nm10697814.swf,1
s137\sm10643703.flv,1
s137\sm10723549.mp4,1
s137\sm10684009.flv,1
s137\sm10695964.flv,1
s137\sm10681063.mp4,1
s137\sm10668434.flv,1
s137\sm10728227.mp4,1
s137\sm10740367.mp4,1
s137\sm10198859.mp4,1
s138\sm10759623.flv,1
s138\sm10748238.mp4,1
s138\sm10765821.flv,1
s138\sm10752593.mp4,1
s138\sm10778087.mp4,1
s138\sm10772695.mp4,1
s138\sm10748248.mp4,1
s138\sm10756357.mp4,1
s138\sm10773189.mp4,1
s138\sm10775795.mp4,1
s138\nm10718308.swf,1
s138\sm10744414.flv,1
s138\sm10726747.mp4,1
s138\sm10789044.mp4,1
s138\sm10263322.flv,1
s139\sm10851396.flv,1
s139\sm10833330.mp4,1
s139\sm10820620.mp4,1
s139\sm10865480.mp4,1
s139\sm10827961.flv,1
s139\nm10806767.mp4,1
s139\sm10831931.flv,1
s139\sm10868543.mp4,1
s139\sm10842437.mp4,1
s139\sm10825610.mp4,1
s139\sm1340413.flv,1
s139\sm10837952.mp4,1
s139\sm8109101.flv,1
s140\sm10924943.flv,1
s140\sm10948305.mp4,1
s140\sm10904297.mp4,1
s140\nm10894708.swf,1
s140\sm9549143.mp4,1
s140\sm10874513.mp4,1
s140\sm10950987.mp4,1
s140\sm10955256.flv,1
s140\sm10911955.mp4,1
s140\sm10919875.flv,1
s140\sm10933505.mp4,1
s140\sm10904526.mp4,1
s140\sm10911790.mp4,1
s140\sm10904108.flv,1
s140\sm10917536.mp4,1
s140\sm10908459.mp4,1
s140\sm10939724.flv,1
s140\sm10923334.mp4,1
s140\sm10913882.mp4,1
s140\sm9893696.mp4,1
s141\sm10977110.mp4,1
s141\sm10981076.mp4,1
s141\sm11006332.mp4,1
s141\sm10981419.flv,1
s141\sm8586109.mp4,1
s141\sm11050741.mp4,1
s141\sm10997337.mp4,1
s141\nm11012913.swf,1
s141\nm11003164.swf,1
s141\nm11011189.mp4,1
s141\sm10984594.mp4,1
s141\nm9004864.mp4,1
s142\sm11086161.mp4,1
s142\sm11089988.mp4,1
s142\sm11079714.mp4,1
s142\sm11104903.mp4,1
s142\nm11072856.swf,1
s142\nm11069744.swf,1
s142\sm11063128.mp4,1
s142\sm11096633.flv,1
s142\sm11042583.mp4,1
s142\sm11118032.mp4,1
s142\sm11063750.mp4,1
s142\sm11059721.mp4,1
s142\sm11074929.mp4,1
s142\nm11091118.swf,1
s142\sm11040022.mp4,1
s142\sm11094287.mp4,1
s142\sm11062046.mp4,1
s142\nm11066358.swf,1
s142\nm11104811.swf,1
s142\nm7286305.swf,1
s143\sm11160488.mp4,1
s143\sm11140951.mp4,1
s143\sm11134936.mp4,1
s143\sm11151371.mp4,1
s143\sm4141643.mp4,1
s143\sm11188434.mp4,1
s143\sm11187401.flv,1
s143\sm6493884.mp4,1
s143\sm5990158.flv,1
s143\sm11129911.flv,1
s143\sm2166779.flv,1
s143\sm4842234.flv,1
s143\sm1588476.flv,1
s143\sm5081266.mp4,1
s143\sm3335060.flv,1
s143\sm11145145.mp4,1
s143\sm11139657.mp4,1
s143\sm11165452.flv,1
s143\sm11164488.mp4,1
s143\sm11189525.mp4,1
s143\sm10420643.mp4,1
s144\sm11264170.mp4,1
s144\sm11209477.flv,1
s144\sm11217750.mp4,1
s144\sm11234505.mp4,1
s144\sm11224129.mp4,1
s144\sm11237572.mp4,1
s144\sm1848517.flv,1
s144\sm11208520.mp4,1
s144\sm11221177.flv,1
s144\sm9604192.mp4,1
s144\sm11261016.mp4,1
s144\sm11215809.flv,1
s144\sm11237357.mp4,1
s144\sm11232587.flv,1
s144\nm11212356.swf,1
s144\nm8787235.swf,1
s144\sm11250868.mp4,1
s144\sm1869587.flv,1
s145\sm11323864.mp4,1
s145\sm11328911.flv,1
s145\sm11302054.mp4,1
s145\sm11325190.mp4,1
s145\sm11311913.mp4,1
s145\sm11285914.mp4,1
s145\sm11328205.mp4,1
s145\sm11324141.flv,1
s145\sm11271109.mp4,1
s145\sm11320479.mp4,1
s145\sm11295266.flv,1
s145\sm11284840.mp4,1
s145\sm11325557.mp4,1
s145\sm11333292.mp4,1
s145\sm11295232.mp4,1
s145\sm11320177.mp4,1
s145\sm9032501.mp4,1
s146\sm11409063.mp4,1
s146\sm11376732.mp4,1
s146\sm11361760.mp4,1
s146\sm11334087.mp4,1
s146\sm11377844.mp4,1
s146\sm11423292.mp4,1
s146\sm11387921.mp4,1
s146\sm11422387.flv,1
s146\sm11398259.mp4,1
s146\sm11382892.mp4,1
s146\sm11396634.mp4,1
s146\sm8965137.mp4,1
s146\sm11371327.mp4,1
s146\sm11350757.mp4,1
s146\sm11398357.mp4,1
s146\sm11361320.mp4,1
s146\sm11358718.mp4,1
s147\sm11455035.mp4,1
s147\sm11454957.mp4,1
s147\sm5508506.flv,1
s147\sm11486687.mp4,1
s147\sm11428267.mp4,1
s147\sm11486971.mp4,1
s147\sm11447631.mp4,1
s147\sm11479320.mp4,1
s147\nm11438011.swf,1
s147\sm9541349.mp4,1
s147\sm11448603.flv,1
s147\sm11482032.mp4,1
s147\sm11468381.mp4,1
s148\sm11480547.mp4,1
s148\sm11559163.mp4,1
s148\sm11537373.mp4,1
s148\sm11515677.mp4,1
s148\sm11535096.mp4,1
s148\sm11526354.mp4,1
s148\sm11559628.mp4,1
s148\sm11585306.mp4,1
s148\sm11580556.mp4,1
s148\sm11535860.mp4,1
s148\sm11548512.mp4,1
s148\sm11589363.mp4,1
s148\sm11572166.mp4,1
s148\sm11524531.mp4,1
s148\sm11514762.mp4,1
s148\sm11547474.mp4,1
s148\sm10838727.mp4,1
s148\sm11564618.mp4,1
s148\sm11519178.mp4,1
s149\sm11605938.flv,1
s149\sm11600102.mp4,1
s149\sm11619821.mp4,1
s149\sm11622258.mp4,1
s149\sm11652107.flv,1
s149\sm11624955.mp4,1
s149\sm11591612.mp4,1
s149\sm11646891.mp4,1
s149\sm4410647.mp4,1
s149\sm11642947.mp4,1
s149\nm11607622.swf,1
s149\sm11613602.flv,1
s149\sm9221520.flv,1
s149\sm11653731.mp4,1
s149\sm11616761.mp4,1
s149\sm11602026.mp4,1
s149\sm11641089.mp4,1
s149\sm11606538.mp4,1
s150\sm11713594.mp4,1
s150\sm11684418.mp4,1
s150\sm11728373.mp4,1
s150\sm11693060.mp4,1
s150\sm11691516.flv,1
s150\sm11699000.mp4,1
s150\sm11687784.mp4,1
s150\sm11673698.mp4,1
s150\sm11739633.mp4,1
s150\sm11714064.mp4,1
s150\sm11704410.mp4,1
s150\nm5519465.swf,1
s150\sm11714132.mp4,1
s150\sm11698267.mp4,1
s150\sm11684389.flv,1
s150\sm11710705.mp4,1
s151\sm11809611.mp4,1
s151\sm11767540.mp4,1
s151\sm11790454.flv,1
s151\sm11822814.mp4,1
s151\sm11820228.mp4,1
s151\sm11819157.mp4,1
s151\sm11834233.mp4,1
s151\sm11787081.mp4,1
s151\sm11776152.flv,1
s151\sm11833280.mp4,1
s151\sm11787687.flv,1
s151\sm11820595.mp4,1
s151\nm7510048.swf,1
s151\sm11765153.mp4,1
s151\sm11774439.mp4,1
s152\sm11884641.flv,1
s152\sm11762237.flv,1
s152\sm11868958.mp4,1
s152\sm11835852.flv,1
s152\sm11848652.flv,1
s152\sm11905494.flv,1
s152\sm11862944.mp4,1
s152\sm8414715.mp4,1
s152\sm11887901.flv,1
s152\sm11899863.mp4,1
s152\sm11885772.mp4,1
s152\sm11487928.flv,1
s152\sm11900398.mp4,1
s152\sm11879325.mp4,1
s152\sm11851749.mp4,1
s153\sm11956364.mp4,1
s153\sm11982230.mp4,1
s153\sm11970630.mp4,1
s153\sm11943126.mp4,1
s153\sm11949185.mp4,1
s153\sm11950673.mp4,1
s153\sm11940873.mp4,1
s153\sm11964950.mp4,1
s153\sm11951611.mp4,1
s153\sm11940171.mp4,1
s153\sm4119171.flv,1
s153\sm11982981.mp4,1
s153\sm11938255.mp4,1
s153\sm11998050.mp4,1
s153\sm12000087.mp4,1
s153\sm11969443.mp4,1
s153\sm11974467.mp4,1
s153\sm5196391.mp4,1
s153\sm11958275.mp4,1
s153\sm11987272.mp4,1
s154\sm12050471.flv,1
s154\sm12007375.mp4,1
s154\sm12017289.mp4,1
s154\sm12000276.mp4,1
s154\nm12006783.swf,1
s154\sm12029867.mp4,1
s154\sm12056855.mp4,1
s154\sm12002276.mp4,1
s154\sm11999675.mp4,1
s154\sm12055414.mp4,1
s154\sm12041906.mp4,1
s154\sm12018105.mp4,1
s154\sm11999979.mp4,1
s154\sm11994359.flv,1
s154\sm12040552.mp4,1
s154\sm9022669.flv,1
s154\sm12028695.mp4,1
s155\sm12075172.mp4,1
s155\nm12154823.swf,1
s155\nm12123552.swf,1
s155\sm12103027.mp4,1
s155\sm10684389.mp4,1
s155\sm12126851.flv,1
s155\sm12105763.mp4,1
s155\sm12092134.mp4,1
s155\sm12107146.flv,1
s155\sm12097293.mp4,1
s155\sm12118321.mp4,1
s155\sm11371123.mp4,1
s155\sm12098837.mp4,1
s155\sm12109923.mp4,1
s155\sm12154467.mp4,1
s155\sm12110052.mp4,1
s155\sm12060739.mp4,1
s155\sm12117482.mp4,1
s155\sm12114782.mp4,1
s156\sm12192649.mp4,1
s156\sm12183136.mp4,1
s156\sm12175572.mp4,1
s156\sm12169079.mp4,1
s156\nm12177206.mp4,1
s156\sm12195657.mp4,1
s156\sm12198263.flv,1
s156\sm12057353.mp4,1
s156\sm12026261.mp4,1
s156\sm12155296.mp4,1
s156\sm12177762.mp4,1
s156\sm10977537.mp4,1
s156\sm12215709.mp4,1
s157\sm12300977.mp4,1
s157\sm12264707.mp4,1
s157\sm12263971.mp4,1
s157\sm12255342.mp4,1
s157\sm12269842.mp4,1
s157\sm12252387.mp4,1
s157\sm12245577.mp4,1
s157\sm12281432.mp4,1
s157\sm12270157.flv,1
s157\sm12261466.mp4,1
s157\sm12294498.mp4,1
s157\sm12239911.flv,1
s157\sm12262035.mp4,1
s157\sm12260938.mp4,1
s157\sm9537839.mp4,1
s158\sm12352782.mp4,1
s158\sm12343338.mp4,1
s158\sm12324543.mp4,1
s158\sm12334645.mp4,1
s158\nm12360857.swf,1
s158\sm12365006.mp4,1
s158\sm12326771.mp4,1
s158\sm12361197.mp4,1
s158\sm12339479.mp4,1
s158\sm12347529.mp4,1
s158\sm12323215.mp4,1
s158\sm12330251.mp4,1
s158\sm12355109.mp4,1
s158\sm12334000.mp4,1
s158\sm12333509.mp4,1
s158\sm9556826.flv,1
s159\sm12424787.mp4,1
s159\nm12411212.swf,1
s159\sm12399734.mp4,1
s159\sm12438583.mp4,1
s159\sm12396792.mp4,1
s159\sm12386939.mp4,1
s159\sm12391322.mp4,1
s159\sm12438872.mp4,1
s159\sm12460647.mp4,1
s159\sm12409615.mp4,1
s159\sm12408368.mp4,1
s159\sm7674356.mp4,1
s159\sm12408957.mp4,1
s159\sm12441199.mp4,1
s160\sm12514413.mp4,1
s160\sm12422635.mp4,1
s160\sm12487852.mp4,1
s160\sm12517264.flv,1
s160\sm12488471.mp4,1
s160\sm12495978.flv,1
s160\sm12474254.flv,1
s160\nm12521065.swf,1
s160\sm12493867.mp4,1
s160\sm12466920.mp4,1
s160\nm12515470.swf,1
s160\sm12499662.mp4,1
s160\sm10882570.mp4,1
s160\sm12493243.mp4,1
s160\sm12511492.flv,1
s160\sm9326077.mp4,1
s160\sm12456587.mp4,1
s161\sm12549171.mp4,1
s161\sm12516754.flv,1
s161\sm12558351.mp4,1
s161\sm12566054.mp4,1
s161\sm12558199.mp4,1
s161\sm12595936.mp4,1
s161\sm12545934.mp4,1
s161\sm12588508.mp4,1
s161\sm12568149.mp4,1
s161\sm12538111.mp4,1
s161\sm12589203.mp4,1
s161\sm12585861.mp4,1
s161\sm12607047.mp4,1
s161\sm12539641.mp4,1
s161\nm12565395.swf,1
s161\sm12544169.flv,1
s161\nm12568896.swf,1
s161\sm8469306.flv,1
s161\sm12566954.mp4,1
s161\sm12501366.mp4,1
s162\sm12656615.flv,1
s162\sm12640192.mp4,1
s162\sm12623948.mp4,1
s162\sm12658454.mp4,1
s162\sm12623753.mp4,1
s162\sm12645758.mp4,1
s162\sm12615869.mp4,1
s162\sm12647084.mp4,1
s162\sm12654866.mp4,1
s162\sm12621725.mp4,1
s162\sm12660436.flv,1
s162\sm9293979.flv,1
s162\sm12625467.mp4,1
s162\sm12635246.mp4,1
s163\sm12695779.mp4,1
s163\sm12689129.mp4,1
s163\sm12688908.flv,1
s163\sm12705967.mp4,1
s163\nm12707292.swf,1
s163\sm12687176.mp4,1
s163\sm12727965.mp4,1
s163\sm12726998.mp4,1
s163\sm12671342.mp4,1
s163\sm12685525.mp4,1
s163\sm12682661.flv,1
s163\sm12698225.mp4,1
s163\sm7961725.mp4,1
s163\sm12721174.mp4,1
s163\sm12717745.mp4,1
s163\sm12718205.mp4,1
s163\sm12728651.mp4,1
s163\sm12691097.mp4,1
s164\sm12637105.mp4,1
s164\sm12758162.mp4,1
s164\sm12762635.mp4,1
s164\sm12785288.mp4,1
s164\sm12730927.mp4,1
s164\sm12737013.mp4,1
s164\sm12782598.mp4,1
s164\sm12785561.flv,1
s164\sm12755653.flv,1
s164\nm11682562.swf,1
s164\sm12774972.mp4,1
s164\sm12759095.mp4,1
s164\sm12748839.mp4,1
s165\sm12825985.mp4,1
s165\sm12821199.flv,1
s165\sm12837427.mp4,1
s165\sm12826297.mp4,1
s165\sm12849032.flv,1
s165\sm12864126.mp4,1
s165\sm12796317.mp4,1
s165\sm12875726.mp4,1
s165\sm12818841.mp4,1
s165\sm12816635.mp4,1
s165\sm12856598.mp4,1
s165\sm12848790.mp4,1
s165\nm11295433.swf,1
s165\sm12850213.mp4,1
s165\sm12757490.mp4,1
s165\sm12867434.mp4,1
s165\nm12811424.swf,1
s165\sm12818868.mp4,1
s165\sm12821193.mp4,1
s165\sm12824983.mp4,1
s166\sm12894209.mp4,1
s166\sm12901863.mp4,1
s166\sm12892917.mp4,1
s166\sm12888933.mp4,1
s166\sm12920547.flv,1
s166\sm12878428.mp4,1
s166\sm12922653.flv,1
s166\sm9350202.mp4,1
s166\sm12893030.mp4,1
s166\sm12937818.mp4,1
s166\sm12909687.mp4,1
s166\sm12948510.mp4,1
s166\sm12893809.mp4,1
s166\sm12917577.mp4,1
s166\sm12901405.mp4,1
s167\sm12960023.mp4,1
s167\sm12953660.mp4,1
s167\sm12951293.mp4,1
s167\sm12973212.flv,1
s167\sm12957824.mp4,1
s167\sm13004628.mp4,1
s167\sm12924389.mp4,1
s167\nm12831187.swf,1
s167\sm12990014.mp4,1
s167\sm12993033.mp4,1
s167\sm12952699.mp4,1
s167\sm12991048.flv,1
s167\sm12956107.mp4,1
s167\sm12989847.mp4,1
s167\sm12985343.mp4,1
s167\sm8942454.mp4,1
s167\sm12966770.mp4,1
s167\sm12990765.mp4,1
s178\sm13677600.mp4,1
s178\sm13664704.mp4,1
s178\sm13673226.flv,1
s178\sm13688430.mp4,1
s178\sm13612500.mp4,1
s178\sm13386216.mp4,1
s178\sm13676254.mp4,1
s178\sm13710470.flv,1
s178\sm13304052.mp4,1
s178\sm13620827.flv,1
s178\sm13667717.mp4,1
s178\sm13673832.mp4,1
s178\sm13634571.mp4,1
s178\sm13632745.mp4,1
s178\sm13560654.mp4,1
s178\sm13587322.mp4,1
s178\sm13636905.mp4,1
s178\sm13573662.mp4,1
s178\sm13648617.mp4,1
s178\sm13663419.mp4,1
s178\sm13677641.mp4,1
s178\sm13663488.mp4,1
s178\sm13590883.mp4,1
s178\sm10768943.mp4,1
s175\sm13452778.mp4,1
s175\sm13434014.mp4,1
s175\sm13476300.flv,1
s175\sm13443184.mp4,1
s175\sm13479021.mp4,1
s175\sm13471002.mp4,1
s175\sm13465059.mp4,1
s175\sm13459389.mp4,1
s175\sm13455660.mp4,1
s175\sm13509161.mp4,1
s175\sm13389634.flv,1
s175\sm13497413.mp4,1
s175\sm13430020.mp4,1
s175\sm11509720.mp4,1
s175\sm13471322.mp4,1
s175\nm13466962.swf,1
s175\sm13305655.mp4,1
s175\sm13409215.mp4,1
s175\sm13488193.flv,1
s175\sm13460422.mp4,1
s175\sm13422411.flv,1
s175\sm13501015.mp4,1
s175\sm13313111.mp4,1
s175\sm13363453.mp4,1
s175\sm13236011.mp4,1
s175\sm13491872.mp4,1
s175\sm11963748.mp4,1
s176\sm13556282.mp4,1
s176\sm13543975.mp4,1
s176\sm13541539.mp4,1
s176\sm13547567.mp4,1
s176\sm13536994.mp4,1
s176\sm13547749.mp4,1
s176\sm13581024.mp4,1
s176\nm13517807.swf,1
s176\sm13546522.mp4,1
s176\sm13421967.mp4,1
s176\sm13539726.mp4,1
s176\sm13537186.flv,1
s176\sm10826306.mp4,1
s177\sm13613561.mp4,1
s177\sm13622336.mp4,1
s177\sm13590242.mp4,1
s177\sm9013559.flv,1
s177\nm13602516.swf,1
s177\sm13637474.mp4,1
s177\sm13635726.mp4,1
s177\sm13621406.flv,1
s177\sm13620127.mp4,1
s177\sm13219035.mp4,1
s179\sm13774194.mp4,1
s179\sm13749609.mp4,1
s179\sm13731621.mp4,1
s179\sm13711888.mp4,1
s179\sm13731603.mp4,1
s179\sm13722851.mp4,1
s179\sm13758594.mp4,1
s179\sm13766330.mp4,1
s179\sm13776627.mp4,1
s179\sm13748324.mp4,1
s179\sm13743929.mp4,1
s179\sm13762383.mp4,1
s179\sm13730169.mp4,1
s179\sm13737361.mp4,1
s179\sm13754534.flv,1
s179\sm11964092.mp4,1
s192\sm14583646.mp4,1
s192\nm14629738.swf,1
s192\sm14611754.mp4,1
s192\sm14639165.mp4,1
s192\sm14584980.mp4,1
s192\sm14639219.mp4,1
s192\sm14622095.mp4,1
s192\sm14605390.mp4,1
s192\sm14614150.mp4,1
s192\nm14606908.swf,1
s192\sm14636970.mp4,1
s192\sm14641461.mp4,1
s192\sm14589286.mp4,1
s192\sm14628725.mp4,1
s192\sm14614088.mp4,1
s192\sm14606732.mp4,1
s192\sm14584138.mp4,1
s192\sm14330479.flv,1
s192\sm14649944.mp4,1
s192\sm14596119.mp4,1
s192\sm14547543.mp4,1
s192\sm14638759.mp4,1
s192\sm14601054.mp4,1
s192\sm14538995.mp4,1
s192\sm14636804.mp4,1
s192\sm14623925.mp4,1
s192\sm14636032.mp4,1
s192\sm14595248.mp4,1
s192\sm14607620.mp4,1
s192\sm9706090.flv,1
s218\sm16321602.mp4,1
s218\sm16316120.mp4,1
s218\sm16334416.mp4,1
s218\sm16238717.mp4,1
s218\sm16322083.mp4,1
s218\sm16305544.mp4,1
s218\sm16279748.mp4,1
s218\sm16329589.mp4,1
s218\sm15630734.mp4,1
s218\sm16210194.mp4,1
s218\sm16212632.mp4,1
s218\sm16274078.mp4,1
s218\sm16302643.mp4,1
s218\sm16345552.mp4,1
s218\sm16287461.mp4,1
s218\sm16321203.mp4,1
s218\sm16264908.mp4,1
s218\sm16110005.mp4,1
s218\sm16231559.mp4,1
s218\sm16293371.mp4,1
s218\sm16270078.mp4,1
s218\sm16317813.mp4,1
s218\nm16203218.swf,1
s218\sm16257914.mp4,1
s218\sm16257503.mp4,1
s218\sm15751190.mp4,1
s218\sm16339631.mp4,1
s218\sm16309692.mp4,1
s218\sm10432881.flv,1
s219\sm16353783.mp4,1
s219\sm16366329.mp4,1
s219\sm16381645.mp4,1
s219\sm15484827.mp4,1
s219\sm16369829.mp4,1
s219\nm16385183.swf,1
s219\sm16371638.mp4,1
s219\sm16349663.mp4,1
s219\sm16377234.mp4,1
s219\sm16351629.mp4,1
s219\sm14990051.mp4,1
s219\sm16359800.mp4,1
s219\sm16367572.mp4,1
s219\sm16403090.mp4,1
s219\sm16347377.mp4,1
s219\sm16353766.mp4,1
s219\sm16364877.mp4,1
s219\sm16359373.mp4,1
s219\nm5475956.swf,1
s220\sm16429826.mp4,1
s220\sm16409919.mp4,1
s220\sm16417324.mp4,1
s220\sm16429950.mp4,1
s220\sm16441674.mp4,1
s220\sm16397421.mp4,1
s220\sm16419681.mp4,1
s220\sm16406722.mp4,1
s220\sm16424496.mp4,1
s220\sm16440414.mp4,1
s220\sm16412917.mp4,1
s220\sm16459337.mp4,1
s220\sm16406091.mp4,1
s220\sm16384880.mp4,1
s220\sm16432311.mp4,1
s220\nm9127270.mp4,1
s221\sm16474954.mp4,1
s221\sm16499976.mp4,1
s221\sm16481237.mp4,1
s221\sm16467362.mp4,1
s221\sm16475474.mp4,1
s221\sm16468372.mp4,1
s221\sm16502140.mp4,1
s221\sm2322631.flv,1
s221\sm16521014.mp4,1
s221\sm16467476.mp4,1
s221\sm16470741.flv,1
s221\sm16477520.mp4,1
s221\sm16482252.mp4,1
s221\sm16467853.mp4,1
s221\sm16483227.mp4,1
s221\sm16489919.mp4,1
s221\sm16492166.mp4,1
s221\sm16487363.mp4,1
s221\sm16490896.mp4,1
s221\sm16491247.mp4,1
s221\sm16483085.mp4,1
s221\sm5675814.flv,1
s222\sm16539814.mp4,1
s222\sm16547768.mp4,1
s222\sm16526758.mp4,1
s222\sm16573689.mp4,1
s222\sm16538819.mp4,1
s222\sm16532577.mp4,1
s222\sm15108950.mp4,1
s222\sm16532938.mp4,1
s222\sm16583492.mp4,1
s222\sm16548455.mp4,1
s222\sm16567165.mp4,1
s222\sm16529303.mp4,1
s222\sm16544141.mp4,1
s222\sm5716724.mp4,1
s222\sm15308214.mp4,1
s222\nm16559493.swf,1
s222\sm16520784.mp4,1
s222\sm15659609.mp4,1
s234\sm17335463.mp4,1
s234\sm17293900.mp4,1
s234\sm17297505.mp4,1
s234\sm17298221.mp4,1
s234\sm17335542.mp4,1
s234\sm17232159.mp4,1
s234\sm17211747.mp4,1
s234\sm17308540.mp4,1
s234\sm17267314.mp4,1
s234\sm17339601.mp4,1
s234\sm17347340.mp4,1
s234\sm17239967.mp4,1
s234\sm17345186.mp4,1
s234\sm17320415.mp4,1
s234\sm17338272.mp4,1
s234\sm17283315.mp4,1
s234\sm17267606.mp4,1
s234\sm17317376.mp4,1
s234\sm17341778.mp4,1
s234\sm17298554.mp4,1
s234\sm16915126.mp4,1
s234\sm17326909.mp4,1
s234\sm17309339.mp4,1
s234\sm17297210.mp4,1
s234\sm17231086.mp4,1
s234\sm16846374.mp4,1
s234\sm17317656.mp4,1
s234\sm17298540.mp4,1
s234\sm16953329.flv,1
s233\sm17230621.mp4,1
s233\sm17241020.mp4,1
s233\sm17234363.mp4,1
s233\sm17269083.flv,1
s233\sm17191781.mp4,1
s233\sm17142789.mp4,1
s233\sm17190863.mp4,1
s233\sm17201316.mp4,1
s233\sm17238015.mp4,1
s233\sm17141425.mp4,1
s233\sm17171418.mp4,1
s233\sm17103353.mp4,1
s233\sm17240464.mp4,1
s233\sm17164840.mp4,1
s233\sm17239838.mp4,1
s233\sm16702635.mp4,1
s233\sm17236315.mp4,1
s233\sm17244429.mp4,1
s233\sm14286703.mp4,1
s235\sm17397763.mp4,1
s235\sm17367688.mp4,1
s235\sm17365832.mp4,1
s235\sm17375356.mp4,1
s235\sm17403742.mp4,1
s235\sm17395886.mp4,1
s235\sm17369744.mp4,1
s235\sm17404667.mp4,1
s235\sm17385515.mp4,1
s235\sm17342835.mp4,1
s235\sm17375392.mp4,1
s235\sm17369954.mp4,1
s235\sm17369967.mp4,1
s235\nm17396427.swf,1
s235\sm17369691.mp4,1
s235\sm17398855.mp4,1
s235\sm17375731.mp4,1
s235\sm13481481.mp4,1
s236\sm17456703.mp4,1
s236\sm17428538.mp4,1
s236\sm17437298.mp4,1
s236\sm17436670.mp4,1
s236\sm17456528.mp4,1
s236\sm17440172.mp4,1
s236\sm17475437.mp4,1
s236\sm17464572.mp4,1
s236\sm17427502.mp4,1
s236\sm17465303.mp4,1
s236\sm17428085.mp4,1
s236\sm13628080.mp4,1
s236\sm17447075.mp4,1
s236\sm15942116.mp4,1
s237\sm17520775.mp4,1
s237\sm17536640.mp4,1
s237\sm17520124.mp4,1
s237\sm17504782.mp4,1
s237\sm17512026.mp4,1
s237\sm17535836.mp4,1
s237\sm17521891.mp4,1
s237\sm17504928.mp4,1
s237\sm17506406.mp4,1
s237\sm17379132.mp4,1
s237\sm17511458.mp4,1
s237\sm17502984.mp4,1
s237\sm17485435.mp4,1
s237\sm17545900.mp4,1
s237\sm17503661.mp4,1
s237\sm17482443.mp4,1
s237\sm17540215.mp4,1
s237\sm17503735.mp4,1
s237\sm16800737.mp4,1
s238\sm17574925.mp4,1
s238\sm17566080.mp4,1
s238\sm17565963.mp4,1
s238\sm17598915.mp4,1
s238\sm17611572.mp4,1
s238\sm17565901.mp4,1
s238\sm17599064.mp4,1
s238\sm17570465.mp4,1
s238\sm17582610.mp4,1
s238\nm17598063.mp4,1
s238\sm17569138.mp4,1
s238\sm17556659.mp4,1
s238\sm17598332.mp4,1
s238\sm17581249.mp4,1
s238\sm17608134.mp4,1
s238\sm17618927.mp4,1
s238\sm17619510.mp4,1
s238\sm17574965.mp4,1
s238\sm17600752.mp4,1
s238\sm17610817.mp4,1
s238\sm17574308.mp4,1
s238\sm17560854.mp4,1
s238\sm14304298.mp4,1
s239\sm17650507.mp4,1
s239\sm17652217.mp4,1
s239\sm17650721.mp4,1
s239\sm17628353.mp4,1
s239\sm17638851.mp4,1
s239\sm17643624.mp4,1
s239\sm17628858.mp4,1
s239\sm17618701.mp4,1
s239\sm17656208.mp4,1
s239\sm17659570.mp4,1
s239\sm17633678.mp4,1
s239\sm17651826.mp4,1
s239\sm13868601.mp4,1
s239\sm17653619.mp4,1
s239\sm17640624.mp4,1
s239\sm17643924.mp4,1
s239\sm17634616.mp4,1
s239\sm17638999.mp4,1
s239\sm17642557.mp4,1
s239\sm17646478.mp4,1
s239\nm6717566.swf,1
s240\sm17720979.mp4,1
s240\sm17690576.mp4,1
s240\sm17699938.mp4,1
s240\sm17709319.mp4,1
s240\sm17710284.mp4,1
s240\sm17754841.mp4,1
s240\sm17699819.mp4,1
s240\sm17700880.mp4,1
s240\sm17700161.mp4,1
s240\sm17721089.mp4,1
s240\sm16742993.mp4,1
s240\sm17736407.mp4,1
s240\sm17704557.mp4,1
s240\sm17702115.mp4,1
s240\sm15494006.mp4,1
s248\sm18198019.mp4,1
s248\sm18220406.mp4,1
s248\sm18193604.mp4,1
s248\sm18100389.mp4,1
s248\sm18205680.mp4,1
s248\sm18213445.mp4,1
s248\sm18172311.mp4,1
s248\sm18187886.mp4,1
s248\sm18188045.mp4,1
s248\sm18198696.mp4,1
s248\sm18173673.mp4,1
s248\sm18193314.mp4,1
s248\sm18209686.mp4,1
s248\sm18198630.mp4,1
s248\sm18184783.mp4,1
s248\sm18161909.mp4,1
s248\sm18131841.mp4,1
s248\sm18164676.mp4,1
s248\sm18240671.mp4,1
s248\sm18212370.mp4,1
s248\sm18192300.mp4,1
s248\sm18212166.mp4,1
s248\sm18208659.mp4,1
s248\sm18194251.flv,1
s248\sm18228798.mp4,1
s248\sm18185556.flv,1
s248\nm18222586.swf,1
s248\sm18206428.mp4,1
s248\sm15764635.flv,1
s249\sm18279200.mp4,1
s249\sm18249803.mp4,1
s249\sm18257340.mp4,1
s249\sm18255527.mp4,1
s249\sm18265164.mp4,1
s249\sm18249804.mp4,1
s249\sm18289208.mp4,1
s249\sm17930619.mp4,1
s249\sm18248735.mp4,1
s249\sm18279939.mp4,1
s249\sm18265121.mp4,1
s249\sm18258211.mp4,1
s249\sm18244109.mp4,1
s249\sm18291314.mp4,1
s249\sm18279209.mp4,1
s249\sm18248218.mp4,1
s249\sm18264167.mp4,1
s249\sm17629985.mp4,1
s250\sm18307409.mp4,1
s250\sm18337672.mp4,1
s250\sm18330534.mp4,1
s250\sm18310640.mp4,1
s250\sm18330432.mp4,1
s250\sm18330279.mp4,1
s250\sm18315397.mp4,1
s250\sm18340016.mp4,1
s250\sm18338864.mp4,1
s250\sm18314228.mp4,1
s250\sm18317224.mp4,1
s250\sm18314923.mp4,1
s250\sm18331950.mp4,1
s250\sm18314498.mp4,1
s250\sm18331976.mp4,1
s250\sm18347064.mp4,1
s250\sm18306495.mp4,1
s250\sm18340037.mp4,1
s250\sm18314226.mp4,1
s250\sm18330994.mp4,1
s250\sm15514904.mp4,1
s251\sm18406343.mp4,1
s251\sm18382294.mp4,1
s251\sm18367834.mp4,1
s251\sm18396337.mp4,1
s251\sm18375102.mp4,1
s251\sm18358647.mp4,1
s251\nm18385309.swf,1
s251\sm18382851.mp4,1
s251\sm18376229.mp4,1
s251\sm18400519.mp4,1
s251\sm18398674.mp4,1
s251\sm18375657.mp4,1
s251\sm18408490.mp4,1
s251\sm18389913.mp4,1
s251\sm14992401.mp4,1
s252\sm18410063.mp4,1
s252\sm18458368.mp4,1
s252\sm18442093.mp4,1
s252\sm18426319.mp4,1
s252\sm18460014.mp4,1
s252\sm18450781.mp4,1
s252\sm18425761.mp4,1
s252\sm18434080.mp4,1
s252\sm18435682.mp4,1
s252\sm18441542.mp4,1
s252\sm18421533.mp4,1
s252\sm16336935.mp4,1
s253\sm18511216.mp4,1
s253\sm18495350.mp4,1
s253\sm18485900.mp4,1
s253\sm18483455.mp4,1
s253\sm18477362.mp4,1
s253\sm18529569.mp4,1
s253\sm18482365.mp4,1
s253\sm18504406.mp4,1
s253\sm18485230.mp4,1
s253\sm18486770.mp4,1
s253\sm18484397.mp4,1
s253\sm18493219.mp4,1
s253\sm18494118.mp4,1
s253\sm18502546.mp4,1
s253\sm18517527.mp4,1
s253\sm18528433.mp4,1
s253\sm18511359.mp4,1
s253\sm5804048.flv,1
s254\sm18487123.mp4,1
s254\sm18570859.mp4,1
s254\sm18562271.mp4,1
s254\sm18571355.mp4,1
s254\sm18571553.mp4,1
s254\sm18562171.mp4,1
s254\sm18563167.mp4,1
s254\nm17989559.swf,1
s254\sm18545819.mp4,1
s254\sm18559773.mp4,1
s254\sm18579564.mp4,1
s254\sm18554415.mp4,1
s254\sm18562463.mp4,1
s254\sm18578998.mp4,1
s254\sm18553781.mp4,1
s254\sm18564338.mp4,1
s254\sm18580059.mp4,1
s254\sm18554497.mp4,1
s254\sm18134008.mp4,1
s256\sm18623327.mp4,1
s256\sm18658349.mp4,1
s256\sm18691732.mp4,1
s256\sm18687659.mp4,1
s256\sm18684672.mp4,1
s256\sm14909202.mp4,1
s256\sm18632219.mp4,1
s256\sm18702236.mp4,1
s256\sm14908924.mp4,1
s256\sm18605244.mp4,1
s256\sm18631837.mp4,1
s256\sm18641842.mp4,1
s256\sm18669027.mp4,1
s256\sm18664813.mp4,1
s256\sm18641997.mp4,1
s256\sm18667860.mp4,1
s256\sm18600077.mp4,1
s256\sm18673566.mp4,1
s256\sm16015333.mp4,1
s257\sm18726752.mp4,1
s257\sm18766726.mp4,1
s257\sm18763188.mp4,1
s257\sm18729289.mp4,1
s257\sm18725684.mp4,1
s257\sm18757788.mp4,1
s257\sm18756983.mp4,1
s257\sm18783356.mp4,1
s257\sm2916956.flv,1
s257\sm18773674.mp4,1
s257\sm18732211.mp4,1
s257\sm15172108.mp4,1
s257\nm18758393.swf,1
s257\sm18747961.mp4,1
s257\nm12317051.swf,1
s258\sm18821036.mp4,1
s258\sm18791295.mp4,1
s258\sm18792060.mp4,1
s258\sm18800075.mp4,1
s258\sm18785521.mp4,1
s258\sm18805926.mp4,1
s258\sm18822726.mp4,1
s258\sm18787484.mp4,1
s258\sm18813167.mp4,1
s258\sm18783507.mp4,1
s258\sm14703600.mp4,1
s258\sm18805482.mp4,1
s258\sm17285290.mp4,1
s259\sm18857528.mp4,1
s259\sm18865202.mp4,1
s259\sm18849278.mp4,1
s259\sm18857288.mp4,1
s259\sm18849739.mp4,1
s259\sm18849255.mp4,1
s259\sm18866056.mp4,1
s259\sm18897678.mp4,1
s259\sm18887881.mp4,1
s259\sm18865939.mp4,1
s259\sm18893889.mp4,1
s259\sm18880710.mp4,1
s259\sm18888195.mp4,1
s259\sm18873411.mp4,1
s259\sm18838768.mp4,1
s259\sm18880240.mp4,1
s259\sm18822197.mp4,1
s259\sm18832513.flv,1
s259\sm18858362.mp4,1
s259\sm18771600.mp4,1
s259\sm18850620.mp4,1
s259\nm18776458.swf,1
s259\sm18835160.mp4,1
s259\sm18839334.mp4,1
s259\sm18827881.mp4,1
s259\sm18827453.mp4,1
s259\sm18044474.mp4,1
s260\sm18938918.mp4,1
s260\sm18915826.mp4,1
s260\sm18925604.mp4,1
s260\nm18907257.swf,1
s260\sm18945135.mp4,1
s260\sm18924589.mp4,1
s260\sm18917849.mp4,1
s260\sm18937713.mp4,1
s260\sm18955412.mp4,1
s260\sm18949394.mp4,1
s260\sm18931135.mp4,1
s260\sm18926530.mp4,1
s260\sm18920639.mp4,1
s260\sm18917519.flv,1
s260\sm18897906.mp4,1
s260\sm18918264.mp4,1
s260\sm18900006.mp4,1
s260\sm18906511.mp4,1
s260\sm18863843.mp4,1
s260\sm18923413.mp4,1
s260\sm14656730.mp4,1
s261\sm18965721.mp4,1
s261\sm18991041.mp4,1
s261\sm18979318.mp4,1
s261\sm18991614.mp4,1
s261\sm18972745.mp4,1
s261\sm18996031.mp4,1
s261\sm18973211.mp4,1
s261\sm18972319.mp4,1
s261\sm18965430.mp4,1
s261\sm19005011.mp4,1
s261\sm18996116.mp4,1
s261\sm19007860.mp4,1
s261\sm18990746.mp4,1
s261\sm18964957.mp4,1
s261\sm18953114.mp4,1
s261\nm18917093.swf,1
s261\sm18979879.mp4,1
s261\sm18956165.mp4,1
s261\sm18950146.mp4,1
s261\sm18965490.mp4,1
s261\sm18974279.mp4,1
s261\nm18941146.swf,1
s261\sm18967059.mp4,1
s261\sm18966299.mp4,1
s261\sm13807094.mp4,1
s262\sm19049030.mp4,1
s262\sm19028880.mp4,1
s262\sm19042393.mp4,1
s262\sm19041961.mp4,1
s262\sm19037197.mp4,1
s262\sm19029670.mp4,1
s262\sm19051597.mp4,1
s262\sm19030515.mp4,1
s262\sm19042257.mp4,1
s262\sm19022577.mp4,1
s262\sm19043030.mp4,1
s262\sm19030389.mp4,1
s262\sm19042721.mp4,1
s262\sm19036334.mp4,1
s262\sm19021581.mp4,1
s262\sm19017571.mp4,1
s262\sm19027640.mp4,1
s262\sm18996724.mp4,1
s262\sm19017621.mp4,1
s262\sm18997427.mp4,1
s262\sm18323031.mp4,1
s263\sm19069321.mp4,1
s263\sm19095048.mp4,1
s263\sm19065203.mp4,1
s263\sm19080962.mp4,1
s263\sm19073100.mp4,1
s263\sm19098494.mp4,1
s263\sm19073393.mp4,1
s263\sm19068227.mp4,1
s263\sm1512412.flv,1
s263\sm19073350.mp4,1
s263\sm19109214.mp4,1
s263\sm19096060.mp4,1
s263\sm19094719.mp4,1
s263\sm19095291.mp4,1
s263\sm19085116.mp4,1
s263\sm19053765.mp4,1
s263\sm19083137.mp4,1
s263\sm19083761.mp4,1
s263\sm19089832.mp4,1
s263\nm19083770.swf,1
s263\sm19078067.mp4,1
s263\sm19061186.mp4,1
s263\sm17711829.flv,1
s264\sm19133907.mp4,1
s264\sm19133485.mp4,1
s264\sm19155180.mp4,1
s264\sm19134940.mp4,1
s264\sm19109528.mp4,1
s264\sm19150518.mp4,1
s264\sm19125328.mp4,1
s264\sm19154807.mp4,1
s264\sm19127755.mp4,1
s264\sm19164627.mp4,1
s264\sm19154575.mp4,1
s264\sm19117728.mp4,1
s264\sm19159315.mp4,1
s264\sm19133983.mp4,1
s264\sm19141520.mp4,1
s264\sm19055689.mp4,1
s264\sm19131089.mp4,1
s264\sm19127759.mp4,1
s264\sm19149790.mp4,1
s264\sm19142720.mp4,1
s264\sm19141975.mp4,1
s264\sm19109371.mp4,1
s264\sm19102282.mp4,1
s264\sm12697005.mp4,1
s265\sm19180162.mp4,1
s265\sm19216490.mp4,1
s265\sm19177878.mp4,1
s265\sm19196630.mp4,1
s265\sm19200600.mp4,1
s265\sm19189520.mp4,1
s265\sm19179814.mp4,1
s265\sm19218102.mp4,1
s265\sm19180528.mp4,1
s265\sm19182174.mp4,1
s265\sm19200239.mp4,1
s265\sm19179747.mp4,1
s265\sm19173202.flv,1
s265\sm19194723.mp4,1
s265\sm19212795.mp4,1
s265\sm19194512.mp4,1
s265\sm19174006.mp4,1
s265\sm19157698.mp4,1
s265\sm19201825.mp4,1
s265\sm19198271.mp4,1
s265\sm19157814.mp4,1
s265\sm19195568.mp4,1
s265\sm19196694.mp4,1
s265\sm19165885.mp4,1
s265\sm19196616.mp4,1
s265\sm15903033.mp4,1
s266\sm19262932.mp4,1
s266\sm19239798.mp4,1
s266\sm19251235.mp4,1
s266\sm19233263.mp4,1
s266\sm19254569.mp4,1
s266\sm19273021.mp4,1
s266\sm19242354.mp4,1
s266\sm19259107.mp4,1
s266\sm19240668.mp4,1
s266\sm19235848.mp4,1
s266\sm19258897.mp4,1
s266\sm19228965.mp4,1
s266\sm19254869.mp4,1
s266\sm19266746.mp4,1
s266\sm19235828.mp4,1
s266\sm19246700.mp4,1
s266\nm19222549.swf,1
s266\sm19261314.mp4,1
s266\sm19233746.mp4,1
s266\sm19239173.mp4,1
s266\sm19254309.mp4,1
s266\sm19251159.mp4,1
s266\sm19215607.mp4,1
s266\sm13878762.mp4,1
s267\sm19286279.mp4,1
s267\sm19315653.mp4,1
s267\sm19300965.mp4,1
s267\sm19307778.mp4,1
s267\sm19302098.mp4,1
s267\sm19310870.mp4,1
s267\sm19330882.mp4,1
s267\sm19310586.mp4,1
s267\sm19284543.mp4,1
s267\sm19281229.mp4,1
s267\sm19301169.mp4,1
s267\sm19308976.mp4,1
s267\sm19314566.mp4,1
s267\sm19280191.mp4,1
s267\sm19295762.mp4,1
s267\sm19314286.mp4,1
s267\sm19266501.mp4,1
s267\sm19286383.mp4,1
s267\sm19279087.mp4,1
s267\sm19300779.mp4,1
s267\sm19281164.mp4,1
s267\sm19290729.mp4,1
s267\sm16514339.mp4,1
s268\sm19361252.mp4,1
s268\sm19339722.mp4,1
s268\sm19372291.mp4,1
s268\sm19340418.mp4,1
s268\sm19347288.mp4,1
s268\sm19373363.mp4,1
s268\sm19303576.mp4,1
s268\sm19375819.mp4,1
s268\sm19359614.mp4,1
s268\sm14991849.mp4,1
s268\sm15250382.mp4,1
s268\sm19342065.mp4,1
s268\sm19340479.mp4,1
s268\sm19359928.mp4,1
s268\sm19348290.mp4,1
s268\sm19321565.mp4,1
s268\sm19329548.mp4,1
s268\sm19314512.mp4,1
s268\sm15950744.mp4,1
s269\sm19418883.mp4,1
s269\sm19399032.mp4,1
s269\sm19391895.mp4,1
s269\sm19427906.mp4,1
s269\sm19426261.mp4,1
s269\sm19207153.mp4,1
s269\sm19437273.mp4,1
s269\sm19393162.mp4,1
s269\sm19410324.mp4,1
s269\sm19404707.mp4,1
s269\sm19393880.mp4,1
s269\sm19366732.mp4,1
s269\sm19388743.mp4,1
s269\sm19428868.mp4,1
s269\sm19405225.mp4,1
s269\sm19400263.mp4,1
s269\sm19412448.mp4,1
s269\sm19374743.mp4,1
s269\sm19413863.flv,1
s269\sm19373135.mp4,1
s269\sm19377480.mp4,1
s269\sm19382572.mp4,1
s269\sm17705897.mp4,1
s270\sm19480453.mp4,1
s270\sm19466301.mp4,1
s270\sm19460643.mp4,1
s270\sm19451487.mp4,1
s270\sm19473241.mp4,1
s270\nm19452418.swf,1
s270\sm19480546.mp4,1
s270\sm19471920.mp4,1
s270\sm19480570.mp4,1
s270\sm19472478.mp4,1
s270\sm19452460.mp4,1
s270\sm19479671.mp4,1
s270\sm19443808.mp4,1
s270\sm19474343.mp4,1
s270\sm19485247.mp4,1
s270\sm19483180.mp4,1
s270\sm19448082.mp4,1
s270\sm19414858.mp4,1
s270\sm19458354.mp4,1
s270\sm19459062.mp4,1
s270\sm19471223.mp4,1
s270\sm19444609.mp4,1
s270\sm19415675.mp4,1
s270\sm19439830.mp4,1
s270\sm18155238.mp4,1
s271\sm19509983.mp4,1
s271\sm19510697.mp4,1
s271\sm19519044.mp4,1
s271\sm19511216.mp4,1
s271\sm19523929.flv,1
s271\sm19497806.mp4,1
s271\sm19532715.mp4,1
s271\sm19532707.mp4,1
s271\sm19518241.mp4,1
s271\sm19504789.mp4,1
s271\sm19503821.mp4,1
s271\sm19503295.mp4,1
s271\sm19523418.mp4,1
s271\sm19525773.mp4,1
s271\sm19511172.flv,1
s271\sm19500074.mp4,1
s271\sm19503707.mp4,1
s271\sm19472618.mp4,1
s271\sm19496148.mp4,1
s271\sm19512751.mp4,1
s271\sm19488283.mp4,1
s271\sm19476940.mp4,1
s271\sm19493661.mp4,1
s271\sm19486895.mp4,1
s271\sm13972897.mp4,1
s272\sm19570813.flv,1
s272\sm19577010.mp4,1
s272\sm19550230.mp4,1
s272\sm19545958.mp4,1
s272\sm19582055.mp4,1
s272\sm19570828.mp4,1
s272\sm19595505.mp4,1
s272\sm19562848.mp4,1
s272\sm19582438.mp4,1
s272\sm18931844.mp4,1
s272\sm19579533.mp4,1
s272\sm19592106.mp4,1
s272\sm19549794.mp4,1
s272\sm19553062.mp4,1
s272\sm19550431.mp4,1
s272\sm19549238.mp4,1
s272\sm19563051.mp4,1
s272\sm19565070.mp4,1
s272\sm19549901.mp4,1
s272\sm19553905.mp4,1
s272\sm19571435.mp4,1
s272\sm19524198.mp4,1
s272\sm16732303.flv,1
s283\sm20212767.mp4,1
s283\sm20224929.mp4,1
s283\sm20116702.mp4,1
s283\sm20182041.mp4,1
s283\sm20191815.mp4,1
s283\sm20217064.mp4,1
s283\sm20132624.mp4,1
s283\sm20208422.mp4,1
s283\sm20201534.mp4,1
s283\sm20197321.mp4,1
s283\sm20209470.mp4,1
s283\sm20208868.mp4,1
s283\sm20168580.mp4,1
s283\sm20184946.mp4,1
s283\sm20136061.mp4,1
s283\sm20127682.mp4,1
s283\sm20081073.mp4,1
s283\sm20161748.mp4,1
s283\sm20214367.mp4,1
s283\sm20040564.mp4,1
s283\sm20162939.mp4,1
s283\sm20175038.mp4,1
s283\sm20201982.mp4,1
s283\sm20209329.mp4,1
s283\sm20213695.mp4,1
s283\sm20183326.mp4,1
s283\sm20229507.mp4,1
s283\sm20124421.mp4,1
s283\sm20161143.mp4,1
s283\sm20108290.mp4,1
s283\sm20173770.mp4,1
s283\sm20097342.mp4,1
s283\sm20123487.mp4,1
s283\sm20096985.mp4,1
s283\sm20212435.mp4,1
s283\sm20160236.mp4,1
s283\sm20192131.mp4,1
s283\sm18222322.mp4,1
s284\sm20244918.mp4,1
s284\sm20286605.mp4,1
s284\sm20252366.mp4,1
s284\sm20244831.mp4,1
s284\sm20259039.mp4,1
s284\sm20238968.mp4,1
s284\sm20260025.mp4,1
s284\sm20296308.mp4,1
s284\sm20243278.mp4,1
s284\sm20277885.mp4,1
s284\sm20288269.mp4,1
s284\sm20269441.mp4,1
s284\sm20227508.mp4,1
s284\sm20260009.mp4,1
s284\sm20253180.mp4,1
s284\sm20270157.mp4,1
s284\sm20223254.mp4,1
s284\sm20255669.mp4,1
s284\sm20232304.mp4,1
s284\sm20247078.mp4,1
s284\sm17421521.mp4,1
s285\sm20332495.mp4,1
s285\sm20304965.mp4,1
s285\sm20331479.mp4,1
s285\sm20350758.mp4,1
s285\sm20332826.mp4,1
s285\sm20307415.mp4,1
s285\sm20308615.mp4,1
s285\sm20340895.mp4,1
s285\sm20341349.mp4,1
s285\sm20338311.mp4,1
s285\sm20315560.mp4,1
s285\sm20332640.mp4,1
s285\sm20307758.mp4,1
s285\sm20300145.mp4,1
s285\sm20350106.mp4,1
s285\sm20318193.mp4,1
s285\sm20340882.mp4,1
s285\sm20323554.mp4,1
s285\sm20307466.mp4,1
s285\sm20297949.mp4,1
s285\sm20292838.mp4,1
s285\sm20310371.mp4,1
s285\sm20284385.mp4,1
s285\sm20303723.mp4,1
s285\sm20305556.mp4,1
s285\sm20284328.mp4,1
s285\sm20310477.mp4,1
s285\sm20277977.mp4,1
s285\sm20292757.mp4,1
s285\sm18552712.mp4,1
s286\sm20388234.mp4,1
s286\sm20377698.mp4,1
s286\sm20413055.mp4,1
s286\sm20388739.mp4,1
s286\sm20364432.mp4,1
s286\sm20423253.mp4,1
s286\nm20363726.swf,1
s286\sm20386215.mp4,1
s286\sm20410104.mp4,1
s286\sm20406651.mp4,1
s286\sm20413641.mp4,1
s286\sm20407469.mp4,1
s286\sm20396491.mp4,1
s286\sm20377927.mp4,1
s286\sm20370661.mp4,1
s286\sm20366841.mp4,1
s286\sm20403611.mp4,1
s286\sm20389308.mp4,1
s286\sm20396359.mp4,1
s286\sm20362875.mp4,1
s286\sm20396052.mp4,1
s286\sm20349366.mp4,1
s286\sm20381609.mp4,1
s286\sm20382007.mp4,1
s286\sm20381674.mp4,1
s286\sm20353809.mp4,1
s286\sm20337088.mp4,1
s286\sm20355354.mp4,1
s286\sm16843050.mp4,1
s287\sm20470051.mp4,1
s287\sm20448162.mp4,1
s287\sm20444649.mp4,1
s287\sm20432353.mp4,1
s287\sm20433562.mp4,1
s287\nm20430647.swf,1
s287\sm20432450.mp4,1
s287\sm20433229.mp4,1
s287\sm20426208.mp4,1
s287\sm20468196.mp4,1
s287\sm20441465.mp4,1
s287\sm20428448.mp4,1
s287\sm20456791.mp4,1
s287\sm20451105.mp4,1
s287\sm20456936.mp4,1
s287\sm20408458.mp4,1
s287\sm20422282.mp4,1
s287\sm20441528.mp4,1
s287\sm15347407.mp4,1
s289\sm20565926.mp4,1
s289\sm20581210.mp4,1
s289\sm20565621.mp4,1
s289\sm20574984.mp4,1
s289\sm20557639.mp4,1
s289\sm20584835.mp4,1
s289\sm20560317.mp4,1
s289\sm20529644.mp4,1
s289\sm20590353.mp4,1
s289\sm20558235.mp4,1
s289\sm20576356.mp4,1
s289\sm20538987.mp4,1
s289\sm20581293.mp4,1
s289\sm20574751.mp4,1
s289\sm20548340.mp4,1
s289\sm20503130.mp4,1
s289\sm20557685.mp4,1
s289\sm20529846.mp4,1
s289\sm20559427.mp4,1
s289\sm20504537.mp4,1
s289\sm20603598.mp4,1
s289\sm20509005.mp4,1
s289\sm20559187.mp4,1
s289\sm20488518.mp4,1
s289\sm20537582.mp4,1
s289\sm20564261.mp4,1
s289\sm20468062.mp4,1
s289\sm20523112.mp4,1
s289\sm20542795.mp4,1
s289\sm20481474.mp4,1
s289\sm20529285.mp4,1
s289\sm20541992.mp4,1
s289\nm20488251.swf,1
s289\sm12079036.mp4,1
s290\sm20643394.mp4,1
s290\sm20648615.mp4,1
s290\sm20615010.mp4,1
s290\sm20653442.mp4,1
s290\sm20645796.mp4,1
s290\sm20644278.mp4,1
s290\sm20629709.mp4,1
s290\sm20615740.mp4,1
s290\sm20629168.mp4,1
s290\sm20606408.mp4,1
s290\sm20629052.mp4,1
s290\sm20650726.mp4,1
s290\sm20645871.mp4,1
s290\sm20632200.mp4,1
s290\sm20623644.mp4,1
s290\sm20616693.mp4,1
s290\sm20629890.mp4,1
s290\sm20617960.mp4,1
s290\sm20615007.mp4,1
s290\sm20653808.mp4,1
s290\sm20629698.mp4,1
s290\sm20622689.mp4,1
s290\sm20601020.mp4,1
s290\sm20615768.mp4,1
s290\sm20596963.mp4,1
s290\sm20610055.mp4,1
s290\sm20632547.mp4,1
s290\sm20548467.mp4,1
s290\sm10727048.mp4,1
s291\sm20671920.mp4,1
s291\sm20690188.mp4,1
s291\sm20694485.mp4,1
s291\sm20686131.mp4,1
s291\sm20694465.mp4,1
s291\sm20695601.mp4,1
s291\sm20682975.mp4,1
s291\sm20701124.mp4,1
s291\sm20679696.mp4,1
s291\sm20658500.mp4,1
s291\sm20691503.mp4,1
s291\sm20664010.mp4,1
s291\sm20663353.mp4,1
s291\sm20653878.mp4,1
s291\sm20695367.mp4,1
s291\sm20680397.mp4,1
s291\sm20680960.mp4,1
s291\sm20692427.mp4,1
s291\sm20645225.mp4,1
s291\sm20648012.mp4,1
s291\sm20655926.mp4,1
s291\sm20665710.mp4,1
s291\sm20652468.mp4,1
s291\sm20655817.mp4,1
s291\sm20687632.mp4,1
s291\sm20655119.mp4,1
s291\sm18389498.mp4,1
s292\sm20766496.mp4,1
s292\sm20765934.mp4,1
s292\sm20738973.flv,1
s292\sm20738577.mp4,1
s292\sm20727206.mp4,1
s292\sm20729065.mp4,1
s292\sm20728925.mp4,1
s292\sm20765524.mp4,1
s292\sm20754354.mp4,1
s292\sm20747141.mp4,1
s292\sm20755687.mp4,1
s292\sm20726442.mp4,1
s292\sm20746133.mp4,1
s292\sm20774375.mp4,1
s292\sm20765954.mp4,1
s292\sm20729962.mp4,1
s292\sm20730913.mp4,1
s292\sm20704602.mp4,1
s292\sm20758845.mp4,1
s292\sm20712454.mp4,1
s292\sm19925901.mp4,1
s293\sm20797677.mp4,1
s293\sm20810930.mp4,1
s293\nm20821014.swf,1
s293\sm20793358.mp4,1
s293\sm20831359.mp4,1
s293\sm20843547.mp4,1
s293\sm20789300.mp4,1
s293\sm20808125.mp4,1
s293\sm20825011.mp4,1
s293\sm20805281.mp4,1
s293\sm20765093.mp4,1
s293\sm20827804.mp4,1
s293\sm20812055.mp4,1
s293\sm20794266.mp4,1
s293\sm20758852.mp4,1
s293\sm20804460.mp4,1
s293\sm20774130.mp4,1
s293\sm20787110.mp4,1
s293\nm20788355.swf,1
s293\sm20785791.mp4,1
s293\sm20789392.mp4,1
s293\sm20767494.mp4,1
s293\sm18820976.mp4,1
s294\sm20887153.mp4,1
s294\sm20879450.mp4,1
s294\sm20864067.mp4,1
s294\sm20858242.mp4,1
s294\sm20896734.mp4,1
s294\sm20855427.mp4,1
s294\sm20855202.mp4,1
s294\sm20888928.mp4,1
s294\nm20888524.swf,1
s294\sm20836853.mp4,1
s294\sm20906330.mp4,1
s294\sm20889708.mp4,1
s294\sm20869754.mp4,1
s294\sm20874573.mp4,1
s294\sm20888496.mp4,1
s294\sm20860166.mp4,1
s294\sm20871813.mp4,1
s294\sm20859921.mp4,1
s294\sm20866231.mp4,1
s294\sm20839624.mp4,1
s294\sm20839554.mp4,1
s294\sm20847108.mp4,1
s294\sm15944123.flv,1
s295\sm20944785.mp4,1
s295\sm20937824.mp4,1
s295\sm20914878.mp4,1
s295\sm20937754.mp4,1
s295\sm20913914.mp4,1
s295\sm20907526.mp4,1
s295\sm20946932.mp4,1
s295\sm20911679.mp4,1
s295\sm20953375.mp4,1
s295\sm20915920.mp4,1
s295\sm20911404.mp4,1
s295\sm20898338.mp4,1
s295\sm20925306.mp4,1
s295\sm20856215.mp4,1
s295\sm20891946.mp4,1
s295\sm20940325.mp4,1
s295\sm20892461.mp4,1
s295\sm20902241.mp4,1
s295\sm15251357.mp4,1
s314\sm21965634.mp4,1
s314\sm21950184.mp4,1
s314\sm21969870.mp4,1
s314\sm21919571.mp4,1
s314\sm21970025.mp4,1
s314\sm21935765.mp4,1
s314\sm21969236.mp4,1
s314\sm21953852.mp4,1
s314\sm21986604.mp4,1
s314\sm21963219.mp4,1
s314\sm21949224.mp4,1
s314\sm16866804.mp4,1
s314\sm21920577.mp4,1
s314\sm21702752.mp4,1
s314\sm21976672.mp4,1
s314\sm21870906.mp4,1
s314\sm21893863.mp4,1
s314\sm21697223.mp4,1
s314\sm21764582.mp4,1
s314\sm21737751.mp4,1
s314\sm21720819.mp4,1
s314\sm21443197.mp4,1
s314\sm21957588.mp4,1
s314\sm21946918.mp4,1
s314\sm21894027.mp4,1
s314\sm21952528.mp4,1
s314\sm21758815.mp4,1
s314\sm21969571.mp4,1
s314\sm21957616.mp4,1
s314\sm21920280.mp4,1
s314\sm21947183.mp4,1
s314\sm21947823.mp4,1
s314\sm21945822.mp4,1
s314\sm21931355.mp4,1
s314\sm21936758.mp4,1
s314\sm21938024.mp4,1
s314\sm21922469.flv,1
s314\sm21925762.mp4,1
s314\sm21946059.mp4,1
s314\sm14094375.flv,1
s315\sm21986543.mp4,1
s315\sm22020109.mp4,1
s315\sm22001720.mp4,1
s315\sm20544340.mp4,1
s315\sm22013760.mp4,1
s315\sm22026707.mp4,1
s315\sm21993386.mp4,1
s315\sm22019702.mp4,1
s315\sm21991229.mp4,1
s315\sm22027961.mp4,1
s315\sm21981492.mp4,1
s315\sm22013358.mp4,1
s315\sm22027973.mp4,1
s315\sm22007543.mp4,1
s315\sm22010736.mp4,1
s315\sm21983618.mp4,1
s315\sm22008182.mp4,1
s315\sm22000686.mp4,1
s315\nm22009560.swf,1
s315\sm22002375.mp4,1
s315\sm21181788.mp4,1
s316\sm22039435.mp4,1
s316\sm22056124.mp4,1
s316\sm22068452.mp4,1
s316\sm22069337.mp4,1
s316\sm22061366.mp4,1
s316\sm22044301.mp4,1
s316\sm22061770.mp4,1
s316\sm22071767.mp4,1
s316\sm22031977.mp4,1
s316\sm22068177.mp4,1
s316\sm21996930.mp4,1
s316\sm15230821.mp4,1
s316\sm22048129.mp4,1
s316\sm20658292.mp4,1
s316\sm22072358.mp4,1
s316\sm22040894.mp4,1
s316\sm22029688.mp4,1
s316\sm22067588.mp4,1
s316\sm22026023.mp4,1
s316\sm22022183.mp4,1
s316\sm22021820.mp4,1
s316\sm22028536.mp4,1
s316\sm22033683.mp4,1
s316\sm22022457.mp4,1
s316\sm18034284.mp4,1
s317\sm22122720.mp4,1
s317\sm22116466.mp4,1
s317\sm22110492.mp4,1
s317\sm22116655.mp4,1
s317\sm22097485.mp4,1
s317\sm22108591.mp4,1
s317\sm22101460.mp4,1
s317\sm22118828.mp4,1
s317\sm22095719.mp4,1
s317\sm22098062.mp4,1
s317\sm22089054.mp4,1
s317\sm17072889.mp4,1
s317\sm22106050.mp4,1
s317\sm22101301.mp4,1
s317\sm22068267.mp4,1
s317\sm22104361.mp4,1
s317\sm22070086.mp4,1
s317\sm22106220.mp4,1
s317\sm22077319.mp4,1
s317\sm22112368.mp4,1
s317\sm19871897.mp4,1
s318\sm22138447.mp4,1
s318\sm22151787.mp4,1
s318\sm22138616.mp4,1
s318\sm22160856.mp4,1
s318\sm22137548.mp4,1
s318\sm22167866.mp4,1
s318\sm22156316.mp4,1
s318\sm22162921.mp4,1
s318\sm22163956.mp4,1
s318\sm22159891.mp4,1
s318\sm22139126.mp4,1
s318\sm22163978.mp4,1
s318\sm22149766.mp4,1
s318\sm22138538.mp4,1
s318\sm22120626.mp4,1
s318\sm22158294.mp4,1
s318\sm22140813.mp4,1
s318\sm22124219.mp4,1
s318\sm22117637.mp4,1
s318\sm22159367.mp4,1
s318\sm22147321.mp4,1
s318\sm22113558.mp4,1
s318\sm22138012.mp4,1
s318\sm22153335.mp4,1
s318\sm18197667.mp4,1
s323\sm22361272.mp4,1
s323\sm22394049.mp4,1
s323\sm22388630.mp4,1
s323\sm22377566.mp4,1
s323\sm22349544.mp4,1
s323\sm22399931.mp4,1
s323\sm22383427.mp4,1
s323\sm22403894.mp4,1
s323\sm22374590.mp4,1
s323\sm22328932.mp4,1
s323\sm22360437.mp4,1
s323\sm21352628.mp4,1
s323\sm22390892.mp4,1
s323\sm22366899.mp4,1
s323\sm22210937.mp4,1
s323\sm22388626.mp4,1
s323\sm22307037.mp4,1
s323\sm22388620.mp4,1
s323\sm22294993.mp4,1
s323\sm22194095.mp4,1
s323\sm22370211.mp4,1
s323\sm22393246.mp4,1
s323\sm22353578.mp4,1
s323\sm22339486.mp4,1
s323\sm22315827.mp4,1
s323\sm22368269.mp4,1
s323\sm22366812.mp4,1
s323\sm22375421.mp4,1
s323\sm22331756.mp4,1
s323\sm22385030.flv,1
s323\sm22388389.mp4,1
s323\sm22397253.mp4,1
s323\sm14861382.mp4,1
s324\sm22430968.flv,1
s324\sm22430704.mp4,1
s324\sm22439652.mp4,1
s324\sm22445216.mp4,1
s324\sm22421174.mp4,1
s324\sm22426716.mp4,1
s324\sm22449121.mp4,1
s324\sm22430910.mp4,1
s324\sm22441161.mp4,1
s324\sm22440233.mp4,1
s324\sm22420694.mp4,1
s324\sm22434195.mp4,1
s324\sm22427346.mp4,1
s324\sm22423505.mp4,1
s324\sm22427148.mp4,1
s324\sm22402891.mp4,1
s324\sm22433564.mp4,1
s324\sm22409866.mp4,1
s324\sm13311622.mp4,1
s325\sm22478322.mp4,1
s325\sm22474644.mp4,1
s325\sm22491239.mp4,1
s325\sm22476058.mp4,1
s325\sm22488685.mp4,1
s325\sm22491554.mp4,1
s325\sm22498438.mp4,1
s325\sm22463265.mp4,1
s325\sm22506850.mp4,1
s325\sm22491112.mp4,1
s325\sm22467236.mp4,1
s325\sm22485666.mp4,1
s325\sm22473313.mp4,1
s325\sm22448703.mp4,1
s325\sm22450617.mp4,1
s325\sm22462608.mp4,1
s325\sm22453109.mp4,1
s325\sm22459913.mp4,1
s325\sm22447541.mp4,1
s325\sm22448348.mp4,1
s325\sm19788270.mp4,1
s326\sm18422019.mp4,1
s326\sm21116822.mp4,1
s326\sm22511693.mp4,1
s326\sm22522964.mp4,1
s326\sm22509836.mp4,1
s326\sm22543627.mp4,1
s326\sm22510890.mp4,1
s326\sm22531203.mp4,1
s326\sm22551906.mp4,1
s326\sm22530883.mp4,1
s326\sm22534527.mp4,1
s326\sm22307265.mp4,1
s326\sm22520654.mp4,1
s326\sm22544683.mp4,1
s326\sm20656420.mp4,1
s326\sm22512760.mp4,1
s326\sm22321584.mp4,1
s326\sm19123841.mp4,1
s326\sm22542108.mp4,1
s326\sm22537224.mp4,1
s326\sm21439975.mp4,1
s326\sm22535498.mp4,1
s326\sm22538993.mp4,1
s326\sm22514269.mp4,1
s326\sm22493560.mp4,1
s326\sm22534712.mp4,1
s326\sm22509060.mp4,1
s326\sm22514106.mp4,1
s326\sm22497522.mp4,1
s326\nm22514402.swf,1
s326\sm13974493.mp4,1
s327\sm22587884.mp4,1
s327\sm22582286.mp4,1
s327\sm22566325.mp4,1
s327\sm22565588.mp4,1
s327\nm5518096.swf,1
s327\sm22566666.mp4,1
s327\sm22608740.mp4,1
s327\sm22599577.mp4,1
s327\sm19856000.mp4,1
s327\sm22561745.mp4,1
s327\sm22543674.mp4,1
s327\sm22544742.mp4,1
s327\sm22545696.mp4,1
s327\sm22549302.mp4,1
s327\sm22547398.mp4,1
s327\sm22547773.mp4,1
s327\sm22550596.mp4,1
s327\sm22571037.mp4,1
s327\sm22551904.mp4,1
s327\sm22554430.mp4,1
s327\sm11727131.mp4,1
s328\sm22626781.mp4,1
s328\sm22620584.mp4,1
s328\sm22632735.mp4,1
s328\sm22633874.mp4,1
s328\sm22648333.mp4,1
s328\sm22646937.mp4,1
s328\sm22638777.mp4,1
s328\sm22636604.mp4,1
s328\sm22614113.mp4,1
s328\sm22622062.mp4,1
s328\sm22621614.mp4,1
s328\sm22401944.mp4,1
s328\sm22633711.mp4,1
s328\sm22615733.mp4,1
s328\sm22637687.mp4,1
s328\sm22630254.mp4,1
s328\sm22620353.mp4,1
s328\sm22613146.mp4,1
s328\sm22593444.mp4,1
s328\sm22604782.mp4,1
s328\sm22608709.mp4,1
s328\sm22634351.mp4,1
s328\sm16512846.mp4,1
s329\sm21917504.mp4,1
s329\sm22658430.mp4,1
s329\sm22674325.mp4,1
s329\sm22682588.mp4,1
s329\sm22653499.mp4,1
s329\sm22687257.mp4,1
s329\sm22676621.mp4,1
s329\sm22689340.mp4,1
s329\sm22655019.mp4,1
s329\sm22682093.mp4,1
s329\sm22668039.mp4,1
s329\sm22685998.mp4,1
s329\sm22681305.mp4,1
s329\sm22646234.mp4,1
s329\sm22655848.mp4,1
s329\sm22656188.mp4,1
s329\sm22643129.mp4,1
s329\sm22649451.mp4,1
s329\sm20410726.mp4,1
s330\sm22711324.mp4,1
s330\sm22719009.mp4,1
s330\sm22744325.mp4,1
s330\sm22736655.mp4,1
s330\sm22717572.mp4,1
s330\sm22710714.mp4,1
s330\sm22749154.mp4,1
s330\sm22730034.mp4,1
s330\sm22724085.mp4,1
s330\sm22744568.mp4,1
s330\sm22719893.mp4,1
s330\sm22734009.mp4,1
s330\sm22690597.mp4,1
s330\sm22717467.mp4,1
s330\sm22731100.mp4,1
s330\sm22710917.mp4,1
s330\sm22718389.mp4,1
s330\sm22719976.mp4,1
s330\sm22692252.mp4,1
s330\sm22718937.mp4,1
s330\sm22687932.mp4,1
s330\sm22673518.mp4,1
s330\sm22725395.mp4,1
s330\sm22697778.mp4,1
s330\sm22694251.mp4,1
s330\sm22641014.mp4,1
s330\sm16021707.mp4,1
s331\sm22783517.mp4,1
s331\sm21550098.mp4,1
s331\sm22791352.mp4,1
s331\sm22765167.mp4,1
s331\sm22793581.mp4,1
s331\sm22748403.mp4,1
s331\sm22784743.mp4,1
s331\sm22757095.mp4,1
s331\sm22777981.mp4,1
s331\sm22772581.mp4,1
s331\sm22792498.mp4,1
s331\sm22799924.mp4,1
s331\sm2500648.flv,1
s331\sm22786092.mp4,1
s331\sm22764278.mp4,1
s331\sm22793112.mp4,1
s331\sm22772767.mp4,1
s331\sm22744955.mp4,1
s331\nm22738712.swf,1
s331\sm22741046.mp4,1
s331\sm22705678.mp4,1
s331\sm22768346.mp4,1
s331\sm22780440.mp4,1
s331\sm22737519.mp4,1
s331\sm22753098.mp4,1
s331\nm22744948.swf,1
s331\sm17071852.mp4,1
s332\sm22831329.mp4,1
s332\sm22820339.mp4,1
s332\sm22815244.mp4,1
s332\sm22826385.mp4,1
s332\sm22834141.mp4,1
s332\sm22809991.mp4,1
s332\sm22820161.mp4,1
s332\sm22835696.mp4,1
s332\sm22816346.mp4,1
s332\sm22815054.mp4,1
s332\sm22827998.mp4,1
s332\sm22808155.mp4,1
s332\sm22792663.mp4,1
s332\sm22794499.mp4,1
s332\sm22829856.mp4,1
s332\sm22788845.mp4,1
s332\sm22793944.mp4,1
s332\sm22809803.mp4,1
s332\sm22784691.mp4,1
s332\sm21721616.mp4,1
s333\sm22857280.mp4,1
s333\sm22885875.mp4,1
s333\sm22879165.mp4,1
s333\sm22872605.mp4,1
s333\sm22886910.mp4,1
s333\sm22882610.mp4,1
s333\sm22863738.mp4,1
s333\sm22887095.mp4,1
s333\sm22876104.mp4,1
s333\sm22877529.mp4,1
s333\sm22883187.mp4,1
s333\sm22886245.mp4,1
s333\sm22879156.mp4,1
s333\sm22866696.mp4,1
s333\sm19801465.mp4,1
s333\sm22894139.mp4,1
s333\sm22869685.mp4,1
s333\sm22834321.mp4,1
s333\sm22842013.mp4,1
s333\sm22859149.mp4,1
s333\sm22841877.mp4,1
s333\sm22844741.mp4,1
s333\sm22845027.mp4,1
s333\sm16049241.mp4,1
s334\sm22931048.mp4,1
s334\sm22937799.mp4,1
s334\sm22932041.mp4,1
s334\sm22942867.mp4,1
s334\sm2397344.flv,1
s334\sm22928407.mp4,1
s334\sm22931255.mp4,1
s334\sm22918148.mp4,1
s334\sm22924659.mp4,1
s334\sm22925995.mp4,1
s334\sm22909689.mp4,1
s334\sm22935323.mp4,1
s334\sm22853117.mp4,1
s334\sm22916225.mp4,1
s334\sm22931790.mp4,1
s334\sm22909842.mp4,1
s334\sm22862451.mp4,1
s334\sm22903278.mp4,1
s334\sm22863424.mp4,1
s334\nm22889020.swf,1
s334\sm22835219.mp4,1
s334\sm22885008.mp4,1
s334\sm22888245.mp4,1
s334\sm16010322.mp4,1
s335\sm22960446.mp4,1
s335\sm22967724.mp4,1
s335\sm22982794.mp4,1
s335\sm22995303.mp4,1
s335\sm22959378.mp4,1
s335\sm22983164.mp4,1
s335\sm22991979.mp4,1
s335\sm22995883.mp4,1
s335\sm22968222.mp4,1
s335\sm22974807.mp4,1
s335\sm22953287.mp4,1
s335\sm22997181.mp4,1
s335\sm22972420.mp4,1
s335\sm22965670.mp4,1
s335\sm21994116.mp4,1
s335\sm22960110.mp4,1
s335\sm22978064.mp4,1
s335\sm22936097.mp4,1
s335\sm22953423.mp4,1
s335\sm22934946.mp4,1
s335\sm22980284.mp4,1
s335\sm22938571.mp4,1
s335\nm16091903.swf,1
s336\sm23032293.mp4,1
s336\sm23047458.mp4,1
s336\sm23047228.mp4,1
s336\sm23018882.mp4,1
s336\sm23021033.mp4,1
s336\sm23045360.mp4,1
s336\sm23016267.mp4,1
s336\sm23027936.mp4,1
s336\sm23006020.mp4,1
s336\sm23043752.mp4,1
s336\sm4775243.flv,1
s336\sm23056901.mp4,1
s336\sm23012212.mp4,1
s336\sm23018634.mp4,1
s336\sm23021091.mp4,1
s336\sm23016281.mp4,1
s336\sm22975342.mp4,1
s336\sm22978417.mp4,1
s336\sm23004382.mp4,1
s336\sm23032669.mp4,1
s336\sm16891982.mp4,1
s337\sm23079746.mp4,1
s337\sm23057216.mp4,1
s337\sm23070087.mp4,1
s337\sm23092092.mp4,1
s337\sm23063034.mp4,1
s337\sm23086190.mp4,1
s337\sm23099675.mp4,1
s337\sm23035235.mp4,1
s337\sm23083872.mp4,1
s337\sm23091627.mp4,1
s337\sm23068493.mp4,1
s337\sm23068368.mp4,1
s337\sm23071269.mp4,1
s337\sm23047073.mp4,1
s337\sm23042895.mp4,1
s337\sm23057475.mp4,1
s337\sm23061070.mp4,1
s337\sm23074599.mp4,1
s337\sm23043177.mp4,1
s337\sm23078127.mp4,1
s337\sm16151219.mp4,1
s338\sm23144598.mp4,1
s338\sm23134050.mp4,1
s338\sm23121446.mp4,1
s338\sm23105349.mp4,1
s338\sm23135101.mp4,1
s338\sm16491431.mp4,1
s338\sm23113516.mp4,1
s338\sm23091323.mp4,1
s338\sm23139966.mp4,1
s338\sm23114695.mp4,1
s338\sm23123354.mp4,1
s338\sm23129037.mp4,1
s338\sm23151949.mp4,1
s338\sm23102611.mp4,1
s338\sm3937492.flv,1
s338\sm23128223.mp4,1
s338\sm23133484.mp4,1
s338\sm23131352.mp4,1
s338\sm23108078.mp4,1
s338\sm23131196.mp4,1
s338\sm23090919.mp4,1
s338\sm23083240.mp4,1
s338\sm23094271.mp4,1
s338\sm23092005.mp4,1
s338\sm22229638.mp4,1
s334\sm23171530.mp4,1
s334\sm23189603.mp4,1
s334\sm20311164.mp4,1
s334\sm22359776.mp4,1
s334\sm23189942.mp4,1
s334\sm23175025.mp4,1
s334\sm23169592.mp4,1
s334\sm23165073.mp4,1
s334\sm23180018.mp4,1
s334\sm23190350.mp4,1
s334\sm23184019.mp4,1
s334\sm23018412.mp4,1
s334\sm23193475.mp4,1
s334\sm23177995.flv,1
s334\sm23205922.mp4,1
s334\sm23205207.mp4,1
s334\sm23187572.mp4,1
s334\sm23190681.mp4,1
s334\nm23147028.swf,1
s334\sm23192725.mp4,1
s334\sm23159164.mp4,1
s334\sm23131978.mp4,1
s334\sm23108119.mp4,1
s334\sm23176532.mp4,1
s334\sm20769733.mp4,1
s352\sm23815763.mp4,0
s352\sm23852117.mp4,0
s352\sm23868278.mp4,0
s352\sm23866802.mp4,0
s352\sm23862638.mp4,0
s352\sm23873883.mp4,0
s352\sm23828918.mp4,0
s352\sm23820438.mp4,0
s352\sm23857726.mp4,0
s352\sm23857262.mp4,0
s352\sm23750267.mp4,0
s352\sm23826634.mp4,0
s352\sm23881953.mp4,0
s352\sm23762151.mp4,0
s352\sm23843709.mp4,0
s352\sm23821129.mp4,0
s352\sm23648996.mp4,0
s352\sm23743672.mp4,0
s352\sm23874893.mp4,0
s352\sm23699554.mp4,0
s352\sm23822751.mp4,0
s352\sm23883401.mp4,0
s352\sm23798081.mp4,0
s352\sm23304692.mp4,0
s352\sm23884582.mp4,0
s352\sm23844355.mp4,0
s352\sm23866988.mp4,0
s352\sm23844280.mp4,0
s352\sm23809672.mp4,0
s352\sm23827675.mp4,0
s352\nm23822010.swf,0
s352\sm23838709.mp4,0
s352\sm23809818.mp4,0
s352\sm23769411.mp4,0
s352\sm23802963.mp4,0
s352\sm23770319.mp4,0
s352\sm23843694.mp4,0
s352\sm23780863.mp4,0
s352\sm21175391.mp4,0
